<html xmlns:math="http://exslt.org/math" xmlns:testng="http://testng.org">
   <head>
      <title>TestNG Results</title>
      <meta http-equiv="content-type" content="text/html; charset=utf-8"></meta>
      <meta http-equiv="pragma" content="no-cache"></meta>
      <meta http-equiv="cache-control" content="max-age=0"></meta>
      <meta http-equiv="cache-control" content="no-cache"></meta>
      <meta http-equiv="cache-control" content="no-store"></meta>
      <LINK rel="stylesheet" href="style.css"></LINK>
      <script type="text/javascript" src="main.js"></script>
   </head>
   <body>
      <table width="100%" style="font-size: 16px; margin-bottom: 10px;" cellspacing="1">
         <tr>
            <td width="100%">
               All methods in suite
               
               <b>SuiteName</b>
            </td>
            <td style="background-color: #FFBBBB; padding: 3px 3px 3px 0;" align="center">
               <div style="width: 50px;">2</div>
            </td>
            <td style="background-color: lightgreen; padding: 3px 3px 3px 0;" align="center">
               <div style="width: 50px;">0</div>
            </td>
            <td style="background-color: #FFFFBB; padding: 3px 3px 3px 0;" align="center">
               <div style="width: 50px;">1</div>
            </td>
            <td align="center" style="background-color: #eaf0f7; padding: 3px 3px 3px 0;">
               <div style="width: 50px;">3</div>
            </td>
            <td align="center"
                style="font-weight: bold; background-color: #eaf0f7; padding: 3px 3px 3px 0;">
               <div style="width: 50px;">0%</div>
            </td>
            <td style="background-color: #eaf0f7; padding: 3px 3px 3px 0;" align="center"
                nowrap="true">1m
               16s
               
            </td>
         </tr>
      </table>
      <div style="width: 200px;">
         <label for="groupMethodsCheckBox" style="font-weight: bold; margin: 0;">
            <input id="groupMethodsCheckBox" type="checkbox" onclick="switchTestMethodsView(this)"></input>
            Group by class
            
         </label>
         <br></br>
         <label for="methodsFilter_ALL" style="font-weight: bold; margin: 0;">
            <input id="methodsFilter_ALL" type="checkbox"
                   onclick="testMethodsFilterChanged(this, 'ALL')"></input>
            All
            
         </label>
      </div>
      <label for="methodsFilter_FAIL" style="margin-left: 20px;">
         <input id="methodsFilter_FAIL" type="checkbox"
                onclick="testMethodsFilterChanged(this, 'FAIL')"
                checked=""></input>
         Failed
         
      </label>
      <label for="methodsFilter_PASS">
         <input id="methodsFilter_PASS" type="checkbox"
                onclick="testMethodsFilterChanged(this, 'PASS')"
                checked=""></input>
         Passed
         
      </label>
      <label for="methodsFilter_SKIP">
         <input id="methodsFilter_SKIP" type="checkbox"
                onclick="testMethodsFilterChanged(this, 'SKIP')"
                checked=""></input>
         Skipped
         
      </label>
      <label for="methodsFilter_CONF">
         <input id="methodsFilter_CONF" type="checkbox"
                onclick="testMethodsFilterChanged(this, 'CONF')"></input>
         Config
         
      </label>
      <br></br>
      <div id="testMethodsByStatus">
         <table class="testMethodsTable" cellpadding="0" cellspacing="0">
            <tr class="methodsTableHeader">
               <td width="100%">Name</td>
               <td nowrap="true">Started</td>
               <td nowrap="true">Duration</td>
               <td>Exception</td>
            </tr>
            <tr id="com.unisys.pom.testcases.LoginTest_doLogin_byStatus_failed_FAIL1_row"
                class="testMethodStatusFAIL">
               <td width="100%" class="firstMethodCell">
                  <a onclick="toggleDetailsVisibility('com.unisys.pom.testcases.LoginTest_doLogin_byStatus_failed_FAIL1_details')">doLogin({Username=9538442585, ExpectedResult=Success, Password=Unisys*1234, Runmode=Y, Browser=Mozilla})</a>
               </td>
               <td nowrap="true">09:19:02</td>
               <td nowrap="true" align="right">47s
                  
               </td>
               <td nowrap="true">
                  <a onclick="toggleDetailsVisibility('com.unisys.pom.testcases.LoginTest_doLogin_byStatus_failed_FAIL1_exception')">org.openqa.selenium.WebDriverException: 
                     Failed to connect to binary FirefoxBinary(C:\Program Files (x86)\Mozilla Firefox\firefox.exe) on port 7055; process output
                     follows: 
                     647	addons.xpi	DEBUG	Calling bootstrap method startup on e10srollout@mozilla.org version 1.3
                     1493005744647	addons.xpi	DEBUG	Registering manifest for C:\Program Files (x86)\Mozilla Firefox\browser\features\firefox@getpocket.com.xpi
                     1493005744647	addons.xpi	DEBUG	Calling bootstrap method startup on firefox@getpocket.com version 1.0.4
                     1493005744648	addons.xpi	DEBUG	Registering manifest for C:\Program Files (x86)\Mozilla Firefox\browser\features\webcompat@mozilla.org.xpi
                     1493005744649	addons.xpi	DEBUG	Calling bootstrap method startup on webcompat@mozilla.org version 1.0
                     1493005744651	addons.manager	DEBUG	Registering shutdown blocker for XPIProvider
                     1493005744652	addons.manager	DEBUG	Provider finished startup: XPIProvider
                     1493005744652	addons.manager	DEBUG	Starting provider: LightweightThemeManager
                     1493005744652	addons.manager	DEBUG	Registering shutdown blocker for LightweightThemeManager
                     1493005744652	addons.manager	DEBUG	Provider finished startup: LightweightThemeManager
                     1493005744653	addons.manager	DEBUG	Starting provider: GMPProvider
                     1493005744669	addons.manager	DEBUG	Registering shutdown blocker for GMPProvider
                     1493005744669	addons.manager	DEBUG	Provider finished startup: GMPProvider
                     1493005744670	addons.manager	DEBUG	Starting provider: PluginProvider
                     1493005744670	addons.manager	DEBUG	Registering shutdown blocker for PluginProvider
                     1493005744670	addons.manager	DEBUG	Provider finished startup: PluginProvider
                     1493005744671	addons.manager	DEBUG	Completed startup sequence
                     1493005747211	addons.manager	DEBUG	Starting provider: &lt;unnamed-provider&gt;
                     1493005747211	addons.manager	DEBUG	Registering shutdown blocker for &lt;unnamed-provider&gt;
                     1493005747212	addons.manager	DEBUG	Provider finished startup: &lt;unnamed-provider&gt;
                     1493005747461	DeferredSave.extensions.json	DEBUG	Write succeeded
                     1493005747461	addons.xpi-utils	DEBUG	XPI Database saved, setting schema version preference to 17
                     1493005747461	DeferredSave.extensions.json	DEBUG	Starting timer
                     1493005747486	DeferredSave.extensions.json	DEBUG	Starting write
                     1493005747491	addons.repository	DEBUG	No addons.json found.
                     1493005747492	DeferredSave.addons.json	DEBUG	Save changes
                     1493005747497	DeferredSave.addons.json	DEBUG	Starting timer
                     1493005747568	addons.manager	DEBUG	Starting provider: PreviousExperimentProvider
                     1493005747568	addons.manager	DEBUG	Registering shutdown blocker for PreviousExperimentProvider
                     1493005747569	addons.manager	DEBUG	Provider finished startup: PreviousExperimentProvider
                     1493005747576	DeferredSave.addons.json	DEBUG	Starting write
                     1493005747603	DeferredSave.extensions.json	DEBUG	Write succeeded
                     1493005747627	DeferredSave.addons.json	DEBUG	Write succeeded
                     1493005760606	addons.xpi	DEBUG	Calling bootstrap method shutdown on e10srollout@mozilla.org version 1.3
                     1493005760606	addons.xpi	DEBUG	Calling bootstrap method shutdown on firefox@getpocket.com version 1.0.4
                     1493005760608	addons.xpi	DEBUG	Calling bootstrap method shutdown on webcompat@mozilla.org version 1.0
                     [Child 9896] WARNING: pipe error: 109: file c:/builds/moz2_slave/m-rel-w32-00000000000000000000/build/src/ipc/chromium/src/chrome/common/ipc_channel_win.cc,
                     line 346
                     [Child 9896] WARNING: pipe error: 109: file c:/builds/moz2_slave/m-rel-w32-00000000000000000000/build/src/ipc/chromium/src/chrome/common/ipc_channel_win.cc,
                     line 346
                     1493005760978	addons.manager	DEBUG	shutdown
                     1493005760979	addons.manager	DEBUG	Calling shutdown blocker for XPIProvider
                     1493005760979	addons.xpi	DEBUG	shutdown
                     1493005760979	addons.xpi-utils	DEBUG	shutdown
                     1493005760982	addons.manager	DEBUG	Calling shutdown blocker for LightweightThemeManager
                     1493005760983	addons.manager	DEBUG	Calling shutdown blocker for GMPProvider
                     1493005760988	addons.manager	DEBUG	Calling shutdown blocker for PluginProvider
                     1493005760989	addons.manager	DEBUG	Calling shutdown blocker for &lt;unnamed-provider&gt;
                     1493005760994	addons.manager	DEBUG	Calling shutdown blocker for PreviousExperimentProvider
                     1493005761002	addons.xpi	DEBUG	Notifying XPI shutdown observers
                     1493005761010	addons.manager	DEBUG	Async provider shutdown done
                     
                     Build info: version: '2.52.0', revision: '4c2593c', time: '2016-02-11 19:06:42'
                     System info: host: 'IN-HBharish-1', ip: '172.31.64.1', os.name: 'Windows 10', os.arch: 'amd64', os.version: '10.0', java.version:
                     '1.8.0_121'
                     Driver info: driver.version: FirefoxDriver
                     
                  </a>
                   
                  
               </td>
            </tr>
            <tr>
               <td colspan="4" class="detailsBox">
                  <div id="com.unisys.pom.testcases.LoginTest_doLogin_byStatus_failed_FAIL1_details"
                       class="testMethodDetails">
                     <div>
                        <b>Name: </b>doLogin
                     </div>
                     <div>
                        <b>Signature: </b>doLogin(java.util.Hashtable)[pri:0, instance:com.unisys.pom.testcases.LoginTest@3fc2959f]
                     </div>
                     <div>
                        <b>Parameters: </b>
                        
                        {Username=9538442585, ExpectedResult=Success, Password=Unisys*1234, Runmode=Y, Browser=Mozilla}
                        
                        
                     </div>
                     <div>
                        <b>Start time: </b>09:19:02
                     </div>
                     <div>
                        <b>End time: </b>09:19:48
                     </div>
                     <div>
                        <b>Duration: </b>47s
                        
                     </div>
                  </div>
               </td>
            </tr>
            <tr>
               <td colspan="4" class="detailsBox">
                  <div id="com.unisys.pom.testcases.LoginTest_doLogin_byStatus_failed_FAIL1_exception"
                       class="testMethodDetails">
                     <pre style="padding: 5px; margin: 0;">org.openqa.selenium.WebDriverException: Failed to connect to binary FirefoxBinary(C:\Program Files (x86)\Mozilla Firefox\firefox.exe)
                        on port 7055; process output follows: 
                        647	addons.xpi	DEBUG	Calling bootstrap method startup on e10srollout@mozilla.org version 1.3
                        1493005744647	addons.xpi	DEBUG	Registering manifest for C:\Program Files (x86)\Mozilla Firefox\browser\features\firefox@getpocket.com.xpi
                        1493005744647	addons.xpi	DEBUG	Calling bootstrap method startup on firefox@getpocket.com version 1.0.4
                        1493005744648	addons.xpi	DEBUG	Registering manifest for C:\Program Files (x86)\Mozilla Firefox\browser\features\webcompat@mozilla.org.xpi
                        1493005744649	addons.xpi	DEBUG	Calling bootstrap method startup on webcompat@mozilla.org version 1.0
                        1493005744651	addons.manager	DEBUG	Registering shutdown blocker for XPIProvider
                        1493005744652	addons.manager	DEBUG	Provider finished startup: XPIProvider
                        1493005744652	addons.manager	DEBUG	Starting provider: LightweightThemeManager
                        1493005744652	addons.manager	DEBUG	Registering shutdown blocker for LightweightThemeManager
                        1493005744652	addons.manager	DEBUG	Provider finished startup: LightweightThemeManager
                        1493005744653	addons.manager	DEBUG	Starting provider: GMPProvider
                        1493005744669	addons.manager	DEBUG	Registering shutdown blocker for GMPProvider
                        1493005744669	addons.manager	DEBUG	Provider finished startup: GMPProvider
                        1493005744670	addons.manager	DEBUG	Starting provider: PluginProvider
                        1493005744670	addons.manager	DEBUG	Registering shutdown blocker for PluginProvider
                        1493005744670	addons.manager	DEBUG	Provider finished startup: PluginProvider
                        1493005744671	addons.manager	DEBUG	Completed startup sequence
                        1493005747211	addons.manager	DEBUG	Starting provider: &lt;unnamed-provider&gt;
                        1493005747211	addons.manager	DEBUG	Registering shutdown blocker for &lt;unnamed-provider&gt;
                        1493005747212	addons.manager	DEBUG	Provider finished startup: &lt;unnamed-provider&gt;
                        1493005747461	DeferredSave.extensions.json	DEBUG	Write succeeded
                        1493005747461	addons.xpi-utils	DEBUG	XPI Database saved, setting schema version preference to 17
                        1493005747461	DeferredSave.extensions.json	DEBUG	Starting timer
                        1493005747486	DeferredSave.extensions.json	DEBUG	Starting write
                        1493005747491	addons.repository	DEBUG	No addons.json found.
                        1493005747492	DeferredSave.addons.json	DEBUG	Save changes
                        1493005747497	DeferredSave.addons.json	DEBUG	Starting timer
                        1493005747568	addons.manager	DEBUG	Starting provider: PreviousExperimentProvider
                        1493005747568	addons.manager	DEBUG	Registering shutdown blocker for PreviousExperimentProvider
                        1493005747569	addons.manager	DEBUG	Provider finished startup: PreviousExperimentProvider
                        1493005747576	DeferredSave.addons.json	DEBUG	Starting write
                        1493005747603	DeferredSave.extensions.json	DEBUG	Write succeeded
                        1493005747627	DeferredSave.addons.json	DEBUG	Write succeeded
                        1493005760606	addons.xpi	DEBUG	Calling bootstrap method shutdown on e10srollout@mozilla.org version 1.3
                        1493005760606	addons.xpi	DEBUG	Calling bootstrap method shutdown on firefox@getpocket.com version 1.0.4
                        1493005760608	addons.xpi	DEBUG	Calling bootstrap method shutdown on webcompat@mozilla.org version 1.0
                        [Child 9896] WARNING: pipe error: 109: file c:/builds/moz2_slave/m-rel-w32-00000000000000000000/build/src/ipc/chromium/src/chrome/common/ipc_channel_win.cc,
                        line 346
                        [Child 9896] WARNING: pipe error: 109: file c:/builds/moz2_slave/m-rel-w32-00000000000000000000/build/src/ipc/chromium/src/chrome/common/ipc_channel_win.cc,
                        line 346
                        1493005760978	addons.manager	DEBUG	shutdown
                        1493005760979	addons.manager	DEBUG	Calling shutdown blocker for XPIProvider
                        1493005760979	addons.xpi	DEBUG	shutdown
                        1493005760979	addons.xpi-utils	DEBUG	shutdown
                        1493005760982	addons.manager	DEBUG	Calling shutdown blocker for LightweightThemeManager
                        1493005760983	addons.manager	DEBUG	Calling shutdown blocker for GMPProvider
                        1493005760988	addons.manager	DEBUG	Calling shutdown blocker for PluginProvider
                        1493005760989	addons.manager	DEBUG	Calling shutdown blocker for &lt;unnamed-provider&gt;
                        1493005760994	addons.manager	DEBUG	Calling shutdown blocker for PreviousExperimentProvider
                        1493005761002	addons.xpi	DEBUG	Notifying XPI shutdown observers
                        1493005761010	addons.manager	DEBUG	Async provider shutdown done
                        
                        Build info: version: '2.52.0', revision: '4c2593c', time: '2016-02-11 19:06:42'
                        System info: host: 'IN-HBharish-1', ip: '172.31.64.1', os.name: 'Windows 10', os.arch: 'amd64', os.version: '10.0', java.version:
                        '1.8.0_121'
                        Driver info: driver.version: FirefoxDriver
                        	at org.openqa.selenium.firefox.internal.NewProfileExtensionConnection.start(NewProfileExtensionConnection.java:124)
                        	at org.openqa.selenium.firefox.FirefoxDriver.startClient(FirefoxDriver.java:271)
                        	at org.openqa.selenium.remote.RemoteWebDriver.&lt;init&gt;(RemoteWebDriver.java:119)
                        	at org.openqa.selenium.firefox.FirefoxDriver.&lt;init&gt;(FirefoxDriver.java:218)
                        	at org.openqa.selenium.firefox.FirefoxDriver.&lt;init&gt;(FirefoxDriver.java:211)
                        	at org.openqa.selenium.firefox.FirefoxDriver.&lt;init&gt;(FirefoxDriver.java:207)
                        	at org.openqa.selenium.firefox.FirefoxDriver.&lt;init&gt;(FirefoxDriver.java:120)
                        	at com.unisys.pom.testcases.base.BaseTest.init(BaseTest.java:48)
                        	at com.unisys.pom.testcases.LoginTest.doLogin(LoginTest.java:32)
                        	at sun.reflect.NativeMethodAccessorImpl.invoke0(Native Method)
                        	at sun.reflect.NativeMethodAccessorImpl.invoke(Unknown Source)
                        	at sun.reflect.DelegatingMethodAccessorImpl.invoke(Unknown Source)
                        	at java.lang.reflect.Method.invoke(Unknown Source)
                        	at org.testng.internal.MethodInvocationHelper.invokeMethod(MethodInvocationHelper.java:85)
                        	at org.testng.internal.Invoker.invokeMethod(Invoker.java:639)
                        	at org.testng.internal.Invoker.invokeTestMethod(Invoker.java:816)
                        	at org.testng.internal.Invoker.invokeTestMethods(Invoker.java:1124)
                        	at org.testng.internal.TestMethodWorker.invokeTestMethods(TestMethodWorker.java:125)
                        	at org.testng.internal.TestMethodWorker.run(TestMethodWorker.java:108)
                        	at org.testng.TestRunner.privateRun(TestRunner.java:774)
                        	at org.testng.TestRunner.run(TestRunner.java:624)
                        	at org.testng.SuiteRunner.runTest(SuiteRunner.java:359)
                        	at org.testng.SuiteRunner.access$000(SuiteRunner.java:39)
                        	at org.testng.SuiteRunner$SuiteWorker.run(SuiteRunner.java:393)
                        	at org.testng.internal.thread.ThreadUtil$2.call(ThreadUtil.java:64)
                        	at java.util.concurrent.FutureTask.run(Unknown Source)
                        	at java.util.concurrent.ThreadPoolExecutor.runWorker(Unknown Source)
                        	at java.util.concurrent.ThreadPoolExecutor$Worker.run(Unknown Source)
                        	at java.lang.Thread.run(Unknown Source)
                        Caused by: org.openqa.selenium.firefox.NotConnectedException: Unable to connect to host 127.0.0.1 on port 7055 after 45000
                        ms. Firefox console output:
                        647	addons.xpi	DEBUG	Calling bootstrap method startup on e10srollout@mozilla.org version 1.3
                        1493005744647	addons.xpi	DEBUG	Registering manifest for C:\Program Files (x86)\Mozilla Firefox\browser\features\firefox@getpocket.com.xpi
                        1493005744647	addons.xpi	DEBUG	Calling bootstrap method startup on firefox@getpocket.com version 1.0.4
                        1493005744648	addons.xpi	DEBUG	Registering manifest for C:\Program Files (x86)\Mozilla Firefox\browser\features\webcompat@mozilla.org.xpi
                        1493005744649	addons.xpi	DEBUG	Calling bootstrap method startup on webcompat@mozilla.org version 1.0
                        1493005744651	addons.manager	DEBUG	Registering shutdown blocker for XPIProvider
                        1493005744652	addons.manager	DEBUG	Provider finished startup: XPIProvider
                        1493005744652	addons.manager	DEBUG	Starting provider: LightweightThemeManager
                        1493005744652	addons.manager	DEBUG	Registering shutdown blocker for LightweightThemeManager
                        1493005744652	addons.manager	DEBUG	Provider finished startup: LightweightThemeManager
                        1493005744653	addons.manager	DEBUG	Starting provider: GMPProvider
                        1493005744669	addons.manager	DEBUG	Registering shutdown blocker for GMPProvider
                        1493005744669	addons.manager	DEBUG	Provider finished startup: GMPProvider
                        1493005744670	addons.manager	DEBUG	Starting provider: PluginProvider
                        1493005744670	addons.manager	DEBUG	Registering shutdown blocker for PluginProvider
                        1493005744670	addons.manager	DEBUG	Provider finished startup: PluginProvider
                        1493005744671	addons.manager	DEBUG	Completed startup sequence
                        1493005747211	addons.manager	DEBUG	Starting provider: &lt;unnamed-provider&gt;
                        1493005747211	addons.manager	DEBUG	Registering shutdown blocker for &lt;unnamed-provider&gt;
                        1493005747212	addons.manager	DEBUG	Provider finished startup: &lt;unnamed-provider&gt;
                        1493005747461	DeferredSave.extensions.json	DEBUG	Write succeeded
                        1493005747461	addons.xpi-utils	DEBUG	XPI Database saved, setting schema version preference to 17
                        1493005747461	DeferredSave.extensions.json	DEBUG	Starting timer
                        1493005747486	DeferredSave.extensions.json	DEBUG	Starting write
                        1493005747491	addons.repository	DEBUG	No addons.json found.
                        1493005747492	DeferredSave.addons.json	DEBUG	Save changes
                        1493005747497	DeferredSave.addons.json	DEBUG	Starting timer
                        1493005747568	addons.manager	DEBUG	Starting provider: PreviousExperimentProvider
                        1493005747568	addons.manager	DEBUG	Registering shutdown blocker for PreviousExperimentProvider
                        1493005747569	addons.manager	DEBUG	Provider finished startup: PreviousExperimentProvider
                        1493005747576	DeferredSave.addons.json	DEBUG	Starting write
                        1493005747603	DeferredSave.extensions.json	DEBUG	Write succeeded
                        1493005747627	DeferredSave.addons.json	DEBUG	Write succeeded
                        1493005760606	addons.xpi	DEBUG	Calling bootstrap method shutdown on e10srollout@mozilla.org version 1.3
                        1493005760606	addons.xpi	DEBUG	Calling bootstrap method shutdown on firefox@getpocket.com version 1.0.4
                        1493005760608	addons.xpi	DEBUG	Calling bootstrap method shutdown on webcompat@mozilla.org version 1.0
                        [Child 9896] WARNING: pipe error: 109: file c:/builds/moz2_slave/m-rel-w32-00000000000000000000/build/src/ipc/chromium/src/chrome/common/ipc_channel_win.cc,
                        line 346
                        [Child 9896] WARNING: pipe error: 109: file c:/builds/moz2_slave/m-rel-w32-00000000000000000000/build/src/ipc/chromium/src/chrome/common/ipc_channel_win.cc,
                        line 346
                        1493005760978	addons.manager	DEBUG	shutdown
                        1493005760979	addons.manager	DEBUG	Calling shutdown blocker for XPIProvider
                        1493005760979	addons.xpi	DEBUG	shutdown
                        1493005760979	addons.xpi-utils	DEBUG	shutdown
                        1493005760982	addons.manager	DEBUG	Calling shutdown blocker for LightweightThemeManager
                        1493005760983	addons.manager	DEBUG	Calling shutdown blocker for GMPProvider
                        1493005760988	addons.manager	DEBUG	Calling shutdown blocker for PluginProvider
                        1493005760989	addons.manager	DEBUG	Calling shutdown blocker for &lt;unnamed-provider&gt;
                        1493005760994	addons.manager	DEBUG	Calling shutdown blocker for PreviousExperimentProvider
                        1493005761002	addons.xpi	DEBUG	Notifying XPI shutdown observers
                        1493005761010	addons.manager	DEBUG	Async provider shutdown done
                        
                        	at org.openqa.selenium.firefox.internal.NewProfileExtensionConnection.start(NewProfileExtensionConnection.java:112)
                        	... 28 more
                     </pre>
                  </div>
               </td>
            </tr>
            <tr id="com.unisys.pom.testcases.LoginTest_doLogin_byStatus_failed_FAIL2_row"
                class="testMethodStatusFAIL">
               <td width="100%" class="firstMethodCell">
                  <a onclick="toggleDetailsVisibility('com.unisys.pom.testcases.LoginTest_doLogin_byStatus_failed_FAIL2_details')">doLogin({Username=9538442585, ExpectedResult=Success, Password=test, Runmode=Y, Browser=Chrome})</a>
               </td>
               <td nowrap="true">09:19:49</td>
               <td nowrap="true" align="right">28s
                  
               </td>
               <td nowrap="true">
                  <a onclick="toggleDetailsVisibility('com.unisys.pom.testcases.LoginTest_doLogin_byStatus_failed_FAIL2_exception')">java.lang.AssertionError: 
                     User NOT Logged in
                     
                  </a>
                   
                  
               </td>
            </tr>
            <tr>
               <td colspan="4" class="detailsBox">
                  <div id="com.unisys.pom.testcases.LoginTest_doLogin_byStatus_failed_FAIL2_details"
                       class="testMethodDetails">
                     <div>
                        <b>Name: </b>doLogin
                     </div>
                     <div>
                        <b>Signature: </b>doLogin(java.util.Hashtable)[pri:0, instance:com.unisys.pom.testcases.LoginTest@3fc2959f]
                     </div>
                     <div>
                        <b>Parameters: </b>
                        
                        {Username=9538442585, ExpectedResult=Success, Password=test, Runmode=Y, Browser=Chrome}
                        
                        
                     </div>
                     <div>
                        <b>Start time: </b>09:19:49
                     </div>
                     <div>
                        <b>End time: </b>09:20:16
                     </div>
                     <div>
                        <b>Duration: </b>28s
                        
                     </div>
                  </div>
               </td>
            </tr>
            <tr>
               <td colspan="4" class="detailsBox">
                  <div id="com.unisys.pom.testcases.LoginTest_doLogin_byStatus_failed_FAIL2_exception"
                       class="testMethodDetails">
                     <pre style="padding: 5px; margin: 0;">java.lang.AssertionError: User NOT Logged in
                        	at org.testng.Assert.fail(Assert.java:94)
                        	at com.unisys.pom.testcases.base.BaseTest.reportFailure(BaseTest.java:79)
                        	at com.unisys.pom.testcases.LoginTest.doLogin(LoginTest.java:49)
                        	at sun.reflect.NativeMethodAccessorImpl.invoke0(Native Method)
                        	at sun.reflect.NativeMethodAccessorImpl.invoke(Unknown Source)
                        	at sun.reflect.DelegatingMethodAccessorImpl.invoke(Unknown Source)
                        	at java.lang.reflect.Method.invoke(Unknown Source)
                        	at org.testng.internal.MethodInvocationHelper.invokeMethod(MethodInvocationHelper.java:85)
                        	at org.testng.internal.Invoker.invokeMethod(Invoker.java:639)
                        	at org.testng.internal.Invoker.invokeTestMethod(Invoker.java:816)
                        	at org.testng.internal.Invoker.invokeTestMethods(Invoker.java:1124)
                        	at org.testng.internal.TestMethodWorker.invokeTestMethods(TestMethodWorker.java:125)
                        	at org.testng.internal.TestMethodWorker.run(TestMethodWorker.java:108)
                        	at org.testng.TestRunner.privateRun(TestRunner.java:774)
                        	at org.testng.TestRunner.run(TestRunner.java:624)
                        	at org.testng.SuiteRunner.runTest(SuiteRunner.java:359)
                        	at org.testng.SuiteRunner.access$000(SuiteRunner.java:39)
                        	at org.testng.SuiteRunner$SuiteWorker.run(SuiteRunner.java:393)
                        	at org.testng.internal.thread.ThreadUtil$2.call(ThreadUtil.java:64)
                        	at java.util.concurrent.FutureTask.run(Unknown Source)
                        	at java.util.concurrent.ThreadPoolExecutor.runWorker(Unknown Source)
                        	at java.util.concurrent.ThreadPoolExecutor$Worker.run(Unknown Source)
                        	at java.lang.Thread.run(Unknown Source)
                     </pre>
                  </div>
               </td>
            </tr>
            <tr id="com.unisys.pom.testcases.LoginTest_quit_byStatus_passed_PASS1_row"
                class="testMethodStatusPASS testMethodStatusCONF">
               <td width="100%" class="firstMethodCell">
                  <a onclick="toggleDetailsVisibility('com.unisys.pom.testcases.LoginTest_quit_byStatus_passed_PASS1_details')">quit()</a>
               </td>
               <td nowrap="true">09:19:48</td>
               <td nowrap="true" align="right">220 ms
                  
               </td>
               <td nowrap="true">
                   
                  
               </td>
            </tr>
            <tr>
               <td colspan="4" class="detailsBox">
                  <div id="com.unisys.pom.testcases.LoginTest_quit_byStatus_passed_PASS1_details"
                       class="testMethodDetails">
                     <div>
                        <b>Name: </b>quit
                     </div>
                     <div>
                        <b>Signature: </b>quit()[pri:0, instance:com.unisys.pom.testcases.LoginTest@3fc2959f]
                     </div>
                     <div>
                        <b>Start time: </b>09:19:48
                     </div>
                     <div>
                        <b>End time: </b>09:19:49
                     </div>
                     <div>
                        <b>Duration: </b>220 ms
                        
                     </div>
                  </div>
               </td>
            </tr>
            <tr></tr>
            <tr id="com.unisys.pom.testcases.LoginTest_quit_byStatus_passed_PASS2_row"
                class="testMethodStatusPASS testMethodStatusCONF">
               <td width="100%" class="firstMethodCell">
                  <a onclick="toggleDetailsVisibility('com.unisys.pom.testcases.LoginTest_quit_byStatus_passed_PASS2_details')">quit()</a>
               </td>
               <td nowrap="true">09:20:16</td>
               <td nowrap="true" align="right">851 ms
                  
               </td>
               <td nowrap="true">
                   
                  
               </td>
            </tr>
            <tr>
               <td colspan="4" class="detailsBox">
                  <div id="com.unisys.pom.testcases.LoginTest_quit_byStatus_passed_PASS2_details"
                       class="testMethodDetails">
                     <div>
                        <b>Name: </b>quit
                     </div>
                     <div>
                        <b>Signature: </b>quit()[pri:0, instance:com.unisys.pom.testcases.LoginTest@3fc2959f]
                     </div>
                     <div>
                        <b>Start time: </b>09:20:16
                     </div>
                     <div>
                        <b>End time: </b>09:20:17
                     </div>
                     <div>
                        <b>Duration: </b>851 ms
                        
                     </div>
                  </div>
               </td>
            </tr>
            <tr></tr>
            <tr id="com.unisys.pom.testcases.LoginTest_quit_byStatus_passed_PASS3_row"
                class="testMethodStatusPASS testMethodStatusCONF">
               <td width="100%" class="firstMethodCell">
                  <a onclick="toggleDetailsVisibility('com.unisys.pom.testcases.LoginTest_quit_byStatus_passed_PASS3_details')">quit()</a>
               </td>
               <td nowrap="true">09:20:17</td>
               <td nowrap="true" align="right">73 ms
                  
               </td>
               <td nowrap="true">
                   
                  
               </td>
            </tr>
            <tr>
               <td colspan="4" class="detailsBox">
                  <div id="com.unisys.pom.testcases.LoginTest_quit_byStatus_passed_PASS3_details"
                       class="testMethodDetails">
                     <div>
                        <b>Name: </b>quit
                     </div>
                     <div>
                        <b>Signature: </b>quit()[pri:0, instance:com.unisys.pom.testcases.LoginTest@3fc2959f]
                     </div>
                     <div>
                        <b>Start time: </b>09:20:17
                     </div>
                     <div>
                        <b>End time: </b>09:20:17
                     </div>
                     <div>
                        <b>Duration: </b>73 ms
                        
                     </div>
                  </div>
               </td>
            </tr>
            <tr></tr>
            <tr id="com.unisys.pom.testcases.LoginTest_doLogin_byStatus_skiped_SKIP1_row"
                class="testMethodStatusSKIP">
               <td width="100%" class="firstMethodCell">
                  <a onclick="toggleDetailsVisibility('com.unisys.pom.testcases.LoginTest_doLogin_byStatus_skiped_SKIP1_details')">doLogin({Username=9538442585, ExpectedResult=Success, Password=test, Runmode=N, Browser=Chrome})</a>
               </td>
               <td nowrap="true">09:20:17</td>
               <td nowrap="true" align="right">2 ms
                  
               </td>
               <td nowrap="true">
                  <a onclick="toggleDetailsVisibility('com.unisys.pom.testcases.LoginTest_doLogin_byStatus_skiped_SKIP1_exception')">org.testng.SkipException: 
                     Skipping the test as Rnumode is N
                     
                  </a>
                   
                  
               </td>
            </tr>
            <tr>
               <td colspan="4" class="detailsBox">
                  <div id="com.unisys.pom.testcases.LoginTest_doLogin_byStatus_skiped_SKIP1_details"
                       class="testMethodDetails">
                     <div>
                        <b>Name: </b>doLogin
                     </div>
                     <div>
                        <b>Signature: </b>doLogin(java.util.Hashtable)[pri:0, instance:com.unisys.pom.testcases.LoginTest@3fc2959f]
                     </div>
                     <div>
                        <b>Parameters: </b>
                        
                        {Username=9538442585, ExpectedResult=Success, Password=test, Runmode=N, Browser=Chrome}
                        
                        
                     </div>
                     <div>
                        <b>Start time: </b>09:20:17
                     </div>
                     <div>
                        <b>End time: </b>09:20:17
                     </div>
                     <div>
                        <b>Duration: </b>2 ms
                        
                     </div>
                  </div>
               </td>
            </tr>
            <tr>
               <td colspan="4" class="detailsBox">
                  <div id="com.unisys.pom.testcases.LoginTest_doLogin_byStatus_skiped_SKIP1_exception"
                       class="testMethodDetails">
                     <pre style="padding: 5px; margin: 0;">org.testng.SkipException: Skipping the test as Rnumode is N
                        	at com.unisys.pom.testcases.LoginTest.doLogin(LoginTest.java:28)
                        	at sun.reflect.NativeMethodAccessorImpl.invoke0(Native Method)
                        	at sun.reflect.NativeMethodAccessorImpl.invoke(Unknown Source)
                        	at sun.reflect.DelegatingMethodAccessorImpl.invoke(Unknown Source)
                        	at java.lang.reflect.Method.invoke(Unknown Source)
                        	at org.testng.internal.MethodInvocationHelper.invokeMethod(MethodInvocationHelper.java:85)
                        	at org.testng.internal.Invoker.invokeMethod(Invoker.java:639)
                        	at org.testng.internal.Invoker.invokeTestMethod(Invoker.java:816)
                        	at org.testng.internal.Invoker.invokeTestMethods(Invoker.java:1124)
                        	at org.testng.internal.TestMethodWorker.invokeTestMethods(TestMethodWorker.java:125)
                        	at org.testng.internal.TestMethodWorker.run(TestMethodWorker.java:108)
                        	at org.testng.TestRunner.privateRun(TestRunner.java:774)
                        	at org.testng.TestRunner.run(TestRunner.java:624)
                        	at org.testng.SuiteRunner.runTest(SuiteRunner.java:359)
                        	at org.testng.SuiteRunner.access$000(SuiteRunner.java:39)
                        	at org.testng.SuiteRunner$SuiteWorker.run(SuiteRunner.java:393)
                        	at org.testng.internal.thread.ThreadUtil$2.call(ThreadUtil.java:64)
                        	at java.util.concurrent.FutureTask.run(Unknown Source)
                        	at java.util.concurrent.ThreadPoolExecutor.runWorker(Unknown Source)
                        	at java.util.concurrent.ThreadPoolExecutor$Worker.run(Unknown Source)
                        	at java.lang.Thread.run(Unknown Source)
                     </pre>
                  </div>
               </td>
            </tr>
         </table>
      </div>
      <div id="testMethodsByClass" style="display: none;">
         <table class="testMethodsTable" cellpadding="0" cellspacing="0">
            <tr>
               <td colspan="4">
                  <h3 style="display: inline;">com.unisys.pom.testcases.LoginTest</h3>
               </td>
            </tr>
            <tr class="methodsTableHeader">
               <td width="100%">Name</td>
               <td nowrap="true">Started</td>
               <td nowrap="true">Duration</td>
               <td>Exception</td>
            </tr>
            <tr id="com.unisys.pom.testcases.LoginTest_doLogin_byClass_FAIL1_row"
                class="testMethodStatusFAIL">
               <td width="100%" class="firstMethodCell">
                  <a onclick="toggleDetailsVisibility('com.unisys.pom.testcases.LoginTest_doLogin_byClass_FAIL1_details')">doLogin({Username=9538442585, ExpectedResult=Success, Password=Unisys*1234, Runmode=Y, Browser=Mozilla})</a>
               </td>
               <td nowrap="true">09:19:02</td>
               <td nowrap="true" align="right">47s
                  
               </td>
               <td nowrap="true">
                  <a onclick="toggleDetailsVisibility('com.unisys.pom.testcases.LoginTest_doLogin_byClass_FAIL1_exception')">org.openqa.selenium.WebDriverException: 
                     Failed to connect to binary FirefoxBinary(C:\Program Files (x86)\Mozilla Firefox\firefox.exe) on port 7055; process output
                     follows: 
                     647	addons.xpi	DEBUG	Calling bootstrap method startup on e10srollout@mozilla.org version 1.3
                     1493005744647	addons.xpi	DEBUG	Registering manifest for C:\Program Files (x86)\Mozilla Firefox\browser\features\firefox@getpocket.com.xpi
                     1493005744647	addons.xpi	DEBUG	Calling bootstrap method startup on firefox@getpocket.com version 1.0.4
                     1493005744648	addons.xpi	DEBUG	Registering manifest for C:\Program Files (x86)\Mozilla Firefox\browser\features\webcompat@mozilla.org.xpi
                     1493005744649	addons.xpi	DEBUG	Calling bootstrap method startup on webcompat@mozilla.org version 1.0
                     1493005744651	addons.manager	DEBUG	Registering shutdown blocker for XPIProvider
                     1493005744652	addons.manager	DEBUG	Provider finished startup: XPIProvider
                     1493005744652	addons.manager	DEBUG	Starting provider: LightweightThemeManager
                     1493005744652	addons.manager	DEBUG	Registering shutdown blocker for LightweightThemeManager
                     1493005744652	addons.manager	DEBUG	Provider finished startup: LightweightThemeManager
                     1493005744653	addons.manager	DEBUG	Starting provider: GMPProvider
                     1493005744669	addons.manager	DEBUG	Registering shutdown blocker for GMPProvider
                     1493005744669	addons.manager	DEBUG	Provider finished startup: GMPProvider
                     1493005744670	addons.manager	DEBUG	Starting provider: PluginProvider
                     1493005744670	addons.manager	DEBUG	Registering shutdown blocker for PluginProvider
                     1493005744670	addons.manager	DEBUG	Provider finished startup: PluginProvider
                     1493005744671	addons.manager	DEBUG	Completed startup sequence
                     1493005747211	addons.manager	DEBUG	Starting provider: &lt;unnamed-provider&gt;
                     1493005747211	addons.manager	DEBUG	Registering shutdown blocker for &lt;unnamed-provider&gt;
                     1493005747212	addons.manager	DEBUG	Provider finished startup: &lt;unnamed-provider&gt;
                     1493005747461	DeferredSave.extensions.json	DEBUG	Write succeeded
                     1493005747461	addons.xpi-utils	DEBUG	XPI Database saved, setting schema version preference to 17
                     1493005747461	DeferredSave.extensions.json	DEBUG	Starting timer
                     1493005747486	DeferredSave.extensions.json	DEBUG	Starting write
                     1493005747491	addons.repository	DEBUG	No addons.json found.
                     1493005747492	DeferredSave.addons.json	DEBUG	Save changes
                     1493005747497	DeferredSave.addons.json	DEBUG	Starting timer
                     1493005747568	addons.manager	DEBUG	Starting provider: PreviousExperimentProvider
                     1493005747568	addons.manager	DEBUG	Registering shutdown blocker for PreviousExperimentProvider
                     1493005747569	addons.manager	DEBUG	Provider finished startup: PreviousExperimentProvider
                     1493005747576	DeferredSave.addons.json	DEBUG	Starting write
                     1493005747603	DeferredSave.extensions.json	DEBUG	Write succeeded
                     1493005747627	DeferredSave.addons.json	DEBUG	Write succeeded
                     1493005760606	addons.xpi	DEBUG	Calling bootstrap method shutdown on e10srollout@mozilla.org version 1.3
                     1493005760606	addons.xpi	DEBUG	Calling bootstrap method shutdown on firefox@getpocket.com version 1.0.4
                     1493005760608	addons.xpi	DEBUG	Calling bootstrap method shutdown on webcompat@mozilla.org version 1.0
                     [Child 9896] WARNING: pipe error: 109: file c:/builds/moz2_slave/m-rel-w32-00000000000000000000/build/src/ipc/chromium/src/chrome/common/ipc_channel_win.cc,
                     line 346
                     [Child 9896] WARNING: pipe error: 109: file c:/builds/moz2_slave/m-rel-w32-00000000000000000000/build/src/ipc/chromium/src/chrome/common/ipc_channel_win.cc,
                     line 346
                     1493005760978	addons.manager	DEBUG	shutdown
                     1493005760979	addons.manager	DEBUG	Calling shutdown blocker for XPIProvider
                     1493005760979	addons.xpi	DEBUG	shutdown
                     1493005760979	addons.xpi-utils	DEBUG	shutdown
                     1493005760982	addons.manager	DEBUG	Calling shutdown blocker for LightweightThemeManager
                     1493005760983	addons.manager	DEBUG	Calling shutdown blocker for GMPProvider
                     1493005760988	addons.manager	DEBUG	Calling shutdown blocker for PluginProvider
                     1493005760989	addons.manager	DEBUG	Calling shutdown blocker for &lt;unnamed-provider&gt;
                     1493005760994	addons.manager	DEBUG	Calling shutdown blocker for PreviousExperimentProvider
                     1493005761002	addons.xpi	DEBUG	Notifying XPI shutdown observers
                     1493005761010	addons.manager	DEBUG	Async provider shutdown done
                     
                     Build info: version: '2.52.0', revision: '4c2593c', time: '2016-02-11 19:06:42'
                     System info: host: 'IN-HBharish-1', ip: '172.31.64.1', os.name: 'Windows 10', os.arch: 'amd64', os.version: '10.0', java.version:
                     '1.8.0_121'
                     Driver info: driver.version: FirefoxDriver
                     
                  </a>
                   
                  
               </td>
            </tr>
            <tr>
               <td colspan="4" class="detailsBox">
                  <div id="com.unisys.pom.testcases.LoginTest_doLogin_byClass_FAIL1_details"
                       class="testMethodDetails">
                     <div>
                        <b>Name: </b>doLogin
                     </div>
                     <div>
                        <b>Signature: </b>doLogin(java.util.Hashtable)[pri:0, instance:com.unisys.pom.testcases.LoginTest@3fc2959f]
                     </div>
                     <div>
                        <b>Parameters: </b>
                        
                        {Username=9538442585, ExpectedResult=Success, Password=Unisys*1234, Runmode=Y, Browser=Mozilla}
                        
                        
                     </div>
                     <div>
                        <b>Start time: </b>09:19:02
                     </div>
                     <div>
                        <b>End time: </b>09:19:48
                     </div>
                     <div>
                        <b>Duration: </b>47s
                        
                     </div>
                  </div>
               </td>
            </tr>
            <tr>
               <td colspan="4" class="detailsBox">
                  <div id="com.unisys.pom.testcases.LoginTest_doLogin_byClass_FAIL1_exception"
                       class="testMethodDetails">
                     <pre style="padding: 5px; margin: 0;">org.openqa.selenium.WebDriverException: Failed to connect to binary FirefoxBinary(C:\Program Files (x86)\Mozilla Firefox\firefox.exe)
                        on port 7055; process output follows: 
                        647	addons.xpi	DEBUG	Calling bootstrap method startup on e10srollout@mozilla.org version 1.3
                        1493005744647	addons.xpi	DEBUG	Registering manifest for C:\Program Files (x86)\Mozilla Firefox\browser\features\firefox@getpocket.com.xpi
                        1493005744647	addons.xpi	DEBUG	Calling bootstrap method startup on firefox@getpocket.com version 1.0.4
                        1493005744648	addons.xpi	DEBUG	Registering manifest for C:\Program Files (x86)\Mozilla Firefox\browser\features\webcompat@mozilla.org.xpi
                        1493005744649	addons.xpi	DEBUG	Calling bootstrap method startup on webcompat@mozilla.org version 1.0
                        1493005744651	addons.manager	DEBUG	Registering shutdown blocker for XPIProvider
                        1493005744652	addons.manager	DEBUG	Provider finished startup: XPIProvider
                        1493005744652	addons.manager	DEBUG	Starting provider: LightweightThemeManager
                        1493005744652	addons.manager	DEBUG	Registering shutdown blocker for LightweightThemeManager
                        1493005744652	addons.manager	DEBUG	Provider finished startup: LightweightThemeManager
                        1493005744653	addons.manager	DEBUG	Starting provider: GMPProvider
                        1493005744669	addons.manager	DEBUG	Registering shutdown blocker for GMPProvider
                        1493005744669	addons.manager	DEBUG	Provider finished startup: GMPProvider
                        1493005744670	addons.manager	DEBUG	Starting provider: PluginProvider
                        1493005744670	addons.manager	DEBUG	Registering shutdown blocker for PluginProvider
                        1493005744670	addons.manager	DEBUG	Provider finished startup: PluginProvider
                        1493005744671	addons.manager	DEBUG	Completed startup sequence
                        1493005747211	addons.manager	DEBUG	Starting provider: &lt;unnamed-provider&gt;
                        1493005747211	addons.manager	DEBUG	Registering shutdown blocker for &lt;unnamed-provider&gt;
                        1493005747212	addons.manager	DEBUG	Provider finished startup: &lt;unnamed-provider&gt;
                        1493005747461	DeferredSave.extensions.json	DEBUG	Write succeeded
                        1493005747461	addons.xpi-utils	DEBUG	XPI Database saved, setting schema version preference to 17
                        1493005747461	DeferredSave.extensions.json	DEBUG	Starting timer
                        1493005747486	DeferredSave.extensions.json	DEBUG	Starting write
                        1493005747491	addons.repository	DEBUG	No addons.json found.
                        1493005747492	DeferredSave.addons.json	DEBUG	Save changes
                        1493005747497	DeferredSave.addons.json	DEBUG	Starting timer
                        1493005747568	addons.manager	DEBUG	Starting provider: PreviousExperimentProvider
                        1493005747568	addons.manager	DEBUG	Registering shutdown blocker for PreviousExperimentProvider
                        1493005747569	addons.manager	DEBUG	Provider finished startup: PreviousExperimentProvider
                        1493005747576	DeferredSave.addons.json	DEBUG	Starting write
                        1493005747603	DeferredSave.extensions.json	DEBUG	Write succeeded
                        1493005747627	DeferredSave.addons.json	DEBUG	Write succeeded
                        1493005760606	addons.xpi	DEBUG	Calling bootstrap method shutdown on e10srollout@mozilla.org version 1.3
                        1493005760606	addons.xpi	DEBUG	Calling bootstrap method shutdown on firefox@getpocket.com version 1.0.4
                        1493005760608	addons.xpi	DEBUG	Calling bootstrap method shutdown on webcompat@mozilla.org version 1.0
                        [Child 9896] WARNING: pipe error: 109: file c:/builds/moz2_slave/m-rel-w32-00000000000000000000/build/src/ipc/chromium/src/chrome/common/ipc_channel_win.cc,
                        line 346
                        [Child 9896] WARNING: pipe error: 109: file c:/builds/moz2_slave/m-rel-w32-00000000000000000000/build/src/ipc/chromium/src/chrome/common/ipc_channel_win.cc,
                        line 346
                        1493005760978	addons.manager	DEBUG	shutdown
                        1493005760979	addons.manager	DEBUG	Calling shutdown blocker for XPIProvider
                        1493005760979	addons.xpi	DEBUG	shutdown
                        1493005760979	addons.xpi-utils	DEBUG	shutdown
                        1493005760982	addons.manager	DEBUG	Calling shutdown blocker for LightweightThemeManager
                        1493005760983	addons.manager	DEBUG	Calling shutdown blocker for GMPProvider
                        1493005760988	addons.manager	DEBUG	Calling shutdown blocker for PluginProvider
                        1493005760989	addons.manager	DEBUG	Calling shutdown blocker for &lt;unnamed-provider&gt;
                        1493005760994	addons.manager	DEBUG	Calling shutdown blocker for PreviousExperimentProvider
                        1493005761002	addons.xpi	DEBUG	Notifying XPI shutdown observers
                        1493005761010	addons.manager	DEBUG	Async provider shutdown done
                        
                        Build info: version: '2.52.0', revision: '4c2593c', time: '2016-02-11 19:06:42'
                        System info: host: 'IN-HBharish-1', ip: '172.31.64.1', os.name: 'Windows 10', os.arch: 'amd64', os.version: '10.0', java.version:
                        '1.8.0_121'
                        Driver info: driver.version: FirefoxDriver
                        	at org.openqa.selenium.firefox.internal.NewProfileExtensionConnection.start(NewProfileExtensionConnection.java:124)
                        	at org.openqa.selenium.firefox.FirefoxDriver.startClient(FirefoxDriver.java:271)
                        	at org.openqa.selenium.remote.RemoteWebDriver.&lt;init&gt;(RemoteWebDriver.java:119)
                        	at org.openqa.selenium.firefox.FirefoxDriver.&lt;init&gt;(FirefoxDriver.java:218)
                        	at org.openqa.selenium.firefox.FirefoxDriver.&lt;init&gt;(FirefoxDriver.java:211)
                        	at org.openqa.selenium.firefox.FirefoxDriver.&lt;init&gt;(FirefoxDriver.java:207)
                        	at org.openqa.selenium.firefox.FirefoxDriver.&lt;init&gt;(FirefoxDriver.java:120)
                        	at com.unisys.pom.testcases.base.BaseTest.init(BaseTest.java:48)
                        	at com.unisys.pom.testcases.LoginTest.doLogin(LoginTest.java:32)
                        	at sun.reflect.NativeMethodAccessorImpl.invoke0(Native Method)
                        	at sun.reflect.NativeMethodAccessorImpl.invoke(Unknown Source)
                        	at sun.reflect.DelegatingMethodAccessorImpl.invoke(Unknown Source)
                        	at java.lang.reflect.Method.invoke(Unknown Source)
                        	at org.testng.internal.MethodInvocationHelper.invokeMethod(MethodInvocationHelper.java:85)
                        	at org.testng.internal.Invoker.invokeMethod(Invoker.java:639)
                        	at org.testng.internal.Invoker.invokeTestMethod(Invoker.java:816)
                        	at org.testng.internal.Invoker.invokeTestMethods(Invoker.java:1124)
                        	at org.testng.internal.TestMethodWorker.invokeTestMethods(TestMethodWorker.java:125)
                        	at org.testng.internal.TestMethodWorker.run(TestMethodWorker.java:108)
                        	at org.testng.TestRunner.privateRun(TestRunner.java:774)
                        	at org.testng.TestRunner.run(TestRunner.java:624)
                        	at org.testng.SuiteRunner.runTest(SuiteRunner.java:359)
                        	at org.testng.SuiteRunner.access$000(SuiteRunner.java:39)
                        	at org.testng.SuiteRunner$SuiteWorker.run(SuiteRunner.java:393)
                        	at org.testng.internal.thread.ThreadUtil$2.call(ThreadUtil.java:64)
                        	at java.util.concurrent.FutureTask.run(Unknown Source)
                        	at java.util.concurrent.ThreadPoolExecutor.runWorker(Unknown Source)
                        	at java.util.concurrent.ThreadPoolExecutor$Worker.run(Unknown Source)
                        	at java.lang.Thread.run(Unknown Source)
                        Caused by: org.openqa.selenium.firefox.NotConnectedException: Unable to connect to host 127.0.0.1 on port 7055 after 45000
                        ms. Firefox console output:
                        647	addons.xpi	DEBUG	Calling bootstrap method startup on e10srollout@mozilla.org version 1.3
                        1493005744647	addons.xpi	DEBUG	Registering manifest for C:\Program Files (x86)\Mozilla Firefox\browser\features\firefox@getpocket.com.xpi
                        1493005744647	addons.xpi	DEBUG	Calling bootstrap method startup on firefox@getpocket.com version 1.0.4
                        1493005744648	addons.xpi	DEBUG	Registering manifest for C:\Program Files (x86)\Mozilla Firefox\browser\features\webcompat@mozilla.org.xpi
                        1493005744649	addons.xpi	DEBUG	Calling bootstrap method startup on webcompat@mozilla.org version 1.0
                        1493005744651	addons.manager	DEBUG	Registering shutdown blocker for XPIProvider
                        1493005744652	addons.manager	DEBUG	Provider finished startup: XPIProvider
                        1493005744652	addons.manager	DEBUG	Starting provider: LightweightThemeManager
                        1493005744652	addons.manager	DEBUG	Registering shutdown blocker for LightweightThemeManager
                        1493005744652	addons.manager	DEBUG	Provider finished startup: LightweightThemeManager
                        1493005744653	addons.manager	DEBUG	Starting provider: GMPProvider
                        1493005744669	addons.manager	DEBUG	Registering shutdown blocker for GMPProvider
                        1493005744669	addons.manager	DEBUG	Provider finished startup: GMPProvider
                        1493005744670	addons.manager	DEBUG	Starting provider: PluginProvider
                        1493005744670	addons.manager	DEBUG	Registering shutdown blocker for PluginProvider
                        1493005744670	addons.manager	DEBUG	Provider finished startup: PluginProvider
                        1493005744671	addons.manager	DEBUG	Completed startup sequence
                        1493005747211	addons.manager	DEBUG	Starting provider: &lt;unnamed-provider&gt;
                        1493005747211	addons.manager	DEBUG	Registering shutdown blocker for &lt;unnamed-provider&gt;
                        1493005747212	addons.manager	DEBUG	Provider finished startup: &lt;unnamed-provider&gt;
                        1493005747461	DeferredSave.extensions.json	DEBUG	Write succeeded
                        1493005747461	addons.xpi-utils	DEBUG	XPI Database saved, setting schema version preference to 17
                        1493005747461	DeferredSave.extensions.json	DEBUG	Starting timer
                        1493005747486	DeferredSave.extensions.json	DEBUG	Starting write
                        1493005747491	addons.repository	DEBUG	No addons.json found.
                        1493005747492	DeferredSave.addons.json	DEBUG	Save changes
                        1493005747497	DeferredSave.addons.json	DEBUG	Starting timer
                        1493005747568	addons.manager	DEBUG	Starting provider: PreviousExperimentProvider
                        1493005747568	addons.manager	DEBUG	Registering shutdown blocker for PreviousExperimentProvider
                        1493005747569	addons.manager	DEBUG	Provider finished startup: PreviousExperimentProvider
                        1493005747576	DeferredSave.addons.json	DEBUG	Starting write
                        1493005747603	DeferredSave.extensions.json	DEBUG	Write succeeded
                        1493005747627	DeferredSave.addons.json	DEBUG	Write succeeded
                        1493005760606	addons.xpi	DEBUG	Calling bootstrap method shutdown on e10srollout@mozilla.org version 1.3
                        1493005760606	addons.xpi	DEBUG	Calling bootstrap method shutdown on firefox@getpocket.com version 1.0.4
                        1493005760608	addons.xpi	DEBUG	Calling bootstrap method shutdown on webcompat@mozilla.org version 1.0
                        [Child 9896] WARNING: pipe error: 109: file c:/builds/moz2_slave/m-rel-w32-00000000000000000000/build/src/ipc/chromium/src/chrome/common/ipc_channel_win.cc,
                        line 346
                        [Child 9896] WARNING: pipe error: 109: file c:/builds/moz2_slave/m-rel-w32-00000000000000000000/build/src/ipc/chromium/src/chrome/common/ipc_channel_win.cc,
                        line 346
                        1493005760978	addons.manager	DEBUG	shutdown
                        1493005760979	addons.manager	DEBUG	Calling shutdown blocker for XPIProvider
                        1493005760979	addons.xpi	DEBUG	shutdown
                        1493005760979	addons.xpi-utils	DEBUG	shutdown
                        1493005760982	addons.manager	DEBUG	Calling shutdown blocker for LightweightThemeManager
                        1493005760983	addons.manager	DEBUG	Calling shutdown blocker for GMPProvider
                        1493005760988	addons.manager	DEBUG	Calling shutdown blocker for PluginProvider
                        1493005760989	addons.manager	DEBUG	Calling shutdown blocker for &lt;unnamed-provider&gt;
                        1493005760994	addons.manager	DEBUG	Calling shutdown blocker for PreviousExperimentProvider
                        1493005761002	addons.xpi	DEBUG	Notifying XPI shutdown observers
                        1493005761010	addons.manager	DEBUG	Async provider shutdown done
                        
                        	at org.openqa.selenium.firefox.internal.NewProfileExtensionConnection.start(NewProfileExtensionConnection.java:112)
                        	... 28 more
                     </pre>
                  </div>
               </td>
            </tr>
            <tr id="com.unisys.pom.testcases.LoginTest_quit_byClass_PASS2_row"
                class="testMethodStatusPASS testMethodStatusCONF">
               <td width="100%" class="firstMethodCell">
                  <a onclick="toggleDetailsVisibility('com.unisys.pom.testcases.LoginTest_quit_byClass_PASS2_details')">quit()</a>
               </td>
               <td nowrap="true">09:19:48</td>
               <td nowrap="true" align="right">220 ms
                  
               </td>
               <td nowrap="true">
                   
                  
               </td>
            </tr>
            <tr>
               <td colspan="4" class="detailsBox">
                  <div id="com.unisys.pom.testcases.LoginTest_quit_byClass_PASS2_details"
                       class="testMethodDetails">
                     <div>
                        <b>Name: </b>quit
                     </div>
                     <div>
                        <b>Signature: </b>quit()[pri:0, instance:com.unisys.pom.testcases.LoginTest@3fc2959f]
                     </div>
                     <div>
                        <b>Start time: </b>09:19:48
                     </div>
                     <div>
                        <b>End time: </b>09:19:49
                     </div>
                     <div>
                        <b>Duration: </b>220 ms
                        
                     </div>
                  </div>
               </td>
            </tr>
            <tr></tr>
            <tr id="com.unisys.pom.testcases.LoginTest_doLogin_byClass_FAIL3_row"
                class="testMethodStatusFAIL">
               <td width="100%" class="firstMethodCell">
                  <a onclick="toggleDetailsVisibility('com.unisys.pom.testcases.LoginTest_doLogin_byClass_FAIL3_details')">doLogin({Username=9538442585, ExpectedResult=Success, Password=test, Runmode=Y, Browser=Chrome})</a>
               </td>
               <td nowrap="true">09:19:49</td>
               <td nowrap="true" align="right">28s
                  
               </td>
               <td nowrap="true">
                  <a onclick="toggleDetailsVisibility('com.unisys.pom.testcases.LoginTest_doLogin_byClass_FAIL3_exception')">java.lang.AssertionError: 
                     User NOT Logged in
                     
                  </a>
                   
                  
               </td>
            </tr>
            <tr>
               <td colspan="4" class="detailsBox">
                  <div id="com.unisys.pom.testcases.LoginTest_doLogin_byClass_FAIL3_details"
                       class="testMethodDetails">
                     <div>
                        <b>Name: </b>doLogin
                     </div>
                     <div>
                        <b>Signature: </b>doLogin(java.util.Hashtable)[pri:0, instance:com.unisys.pom.testcases.LoginTest@3fc2959f]
                     </div>
                     <div>
                        <b>Parameters: </b>
                        
                        {Username=9538442585, ExpectedResult=Success, Password=test, Runmode=Y, Browser=Chrome}
                        
                        
                     </div>
                     <div>
                        <b>Start time: </b>09:19:49
                     </div>
                     <div>
                        <b>End time: </b>09:20:16
                     </div>
                     <div>
                        <b>Duration: </b>28s
                        
                     </div>
                  </div>
               </td>
            </tr>
            <tr>
               <td colspan="4" class="detailsBox">
                  <div id="com.unisys.pom.testcases.LoginTest_doLogin_byClass_FAIL3_exception"
                       class="testMethodDetails">
                     <pre style="padding: 5px; margin: 0;">java.lang.AssertionError: User NOT Logged in
                        	at org.testng.Assert.fail(Assert.java:94)
                        	at com.unisys.pom.testcases.base.BaseTest.reportFailure(BaseTest.java:79)
                        	at com.unisys.pom.testcases.LoginTest.doLogin(LoginTest.java:49)
                        	at sun.reflect.NativeMethodAccessorImpl.invoke0(Native Method)
                        	at sun.reflect.NativeMethodAccessorImpl.invoke(Unknown Source)
                        	at sun.reflect.DelegatingMethodAccessorImpl.invoke(Unknown Source)
                        	at java.lang.reflect.Method.invoke(Unknown Source)
                        	at org.testng.internal.MethodInvocationHelper.invokeMethod(MethodInvocationHelper.java:85)
                        	at org.testng.internal.Invoker.invokeMethod(Invoker.java:639)
                        	at org.testng.internal.Invoker.invokeTestMethod(Invoker.java:816)
                        	at org.testng.internal.Invoker.invokeTestMethods(Invoker.java:1124)
                        	at org.testng.internal.TestMethodWorker.invokeTestMethods(TestMethodWorker.java:125)
                        	at org.testng.internal.TestMethodWorker.run(TestMethodWorker.java:108)
                        	at org.testng.TestRunner.privateRun(TestRunner.java:774)
                        	at org.testng.TestRunner.run(TestRunner.java:624)
                        	at org.testng.SuiteRunner.runTest(SuiteRunner.java:359)
                        	at org.testng.SuiteRunner.access$000(SuiteRunner.java:39)
                        	at org.testng.SuiteRunner$SuiteWorker.run(SuiteRunner.java:393)
                        	at org.testng.internal.thread.ThreadUtil$2.call(ThreadUtil.java:64)
                        	at java.util.concurrent.FutureTask.run(Unknown Source)
                        	at java.util.concurrent.ThreadPoolExecutor.runWorker(Unknown Source)
                        	at java.util.concurrent.ThreadPoolExecutor$Worker.run(Unknown Source)
                        	at java.lang.Thread.run(Unknown Source)
                     </pre>
                  </div>
               </td>
            </tr>
            <tr id="com.unisys.pom.testcases.LoginTest_quit_byClass_PASS4_row"
                class="testMethodStatusPASS testMethodStatusCONF">
               <td width="100%" class="firstMethodCell">
                  <a onclick="toggleDetailsVisibility('com.unisys.pom.testcases.LoginTest_quit_byClass_PASS4_details')">quit()</a>
               </td>
               <td nowrap="true">09:20:16</td>
               <td nowrap="true" align="right">851 ms
                  
               </td>
               <td nowrap="true">
                   
                  
               </td>
            </tr>
            <tr>
               <td colspan="4" class="detailsBox">
                  <div id="com.unisys.pom.testcases.LoginTest_quit_byClass_PASS4_details"
                       class="testMethodDetails">
                     <div>
                        <b>Name: </b>quit
                     </div>
                     <div>
                        <b>Signature: </b>quit()[pri:0, instance:com.unisys.pom.testcases.LoginTest@3fc2959f]
                     </div>
                     <div>
                        <b>Start time: </b>09:20:16
                     </div>
                     <div>
                        <b>End time: </b>09:20:17
                     </div>
                     <div>
                        <b>Duration: </b>851 ms
                        
                     </div>
                  </div>
               </td>
            </tr>
            <tr></tr>
            <tr id="com.unisys.pom.testcases.LoginTest_doLogin_byClass_SKIP5_row"
                class="testMethodStatusSKIP">
               <td width="100%" class="firstMethodCell">
                  <a onclick="toggleDetailsVisibility('com.unisys.pom.testcases.LoginTest_doLogin_byClass_SKIP5_details')">doLogin({Username=9538442585, ExpectedResult=Success, Password=test, Runmode=N, Browser=Chrome})</a>
               </td>
               <td nowrap="true">09:20:17</td>
               <td nowrap="true" align="right">2 ms
                  
               </td>
               <td nowrap="true">
                  <a onclick="toggleDetailsVisibility('com.unisys.pom.testcases.LoginTest_doLogin_byClass_SKIP5_exception')">org.testng.SkipException: 
                     Skipping the test as Rnumode is N
                     
                  </a>
                   
                  
               </td>
            </tr>
            <tr>
               <td colspan="4" class="detailsBox">
                  <div id="com.unisys.pom.testcases.LoginTest_doLogin_byClass_SKIP5_details"
                       class="testMethodDetails">
                     <div>
                        <b>Name: </b>doLogin
                     </div>
                     <div>
                        <b>Signature: </b>doLogin(java.util.Hashtable)[pri:0, instance:com.unisys.pom.testcases.LoginTest@3fc2959f]
                     </div>
                     <div>
                        <b>Parameters: </b>
                        
                        {Username=9538442585, ExpectedResult=Success, Password=test, Runmode=N, Browser=Chrome}
                        
                        
                     </div>
                     <div>
                        <b>Start time: </b>09:20:17
                     </div>
                     <div>
                        <b>End time: </b>09:20:17
                     </div>
                     <div>
                        <b>Duration: </b>2 ms
                        
                     </div>
                  </div>
               </td>
            </tr>
            <tr>
               <td colspan="4" class="detailsBox">
                  <div id="com.unisys.pom.testcases.LoginTest_doLogin_byClass_SKIP5_exception"
                       class="testMethodDetails">
                     <pre style="padding: 5px; margin: 0;">org.testng.SkipException: Skipping the test as Rnumode is N
                        	at com.unisys.pom.testcases.LoginTest.doLogin(LoginTest.java:28)
                        	at sun.reflect.NativeMethodAccessorImpl.invoke0(Native Method)
                        	at sun.reflect.NativeMethodAccessorImpl.invoke(Unknown Source)
                        	at sun.reflect.DelegatingMethodAccessorImpl.invoke(Unknown Source)
                        	at java.lang.reflect.Method.invoke(Unknown Source)
                        	at org.testng.internal.MethodInvocationHelper.invokeMethod(MethodInvocationHelper.java:85)
                        	at org.testng.internal.Invoker.invokeMethod(Invoker.java:639)
                        	at org.testng.internal.Invoker.invokeTestMethod(Invoker.java:816)
                        	at org.testng.internal.Invoker.invokeTestMethods(Invoker.java:1124)
                        	at org.testng.internal.TestMethodWorker.invokeTestMethods(TestMethodWorker.java:125)
                        	at org.testng.internal.TestMethodWorker.run(TestMethodWorker.java:108)
                        	at org.testng.TestRunner.privateRun(TestRunner.java:774)
                        	at org.testng.TestRunner.run(TestRunner.java:624)
                        	at org.testng.SuiteRunner.runTest(SuiteRunner.java:359)
                        	at org.testng.SuiteRunner.access$000(SuiteRunner.java:39)
                        	at org.testng.SuiteRunner$SuiteWorker.run(SuiteRunner.java:393)
                        	at org.testng.internal.thread.ThreadUtil$2.call(ThreadUtil.java:64)
                        	at java.util.concurrent.FutureTask.run(Unknown Source)
                        	at java.util.concurrent.ThreadPoolExecutor.runWorker(Unknown Source)
                        	at java.util.concurrent.ThreadPoolExecutor$Worker.run(Unknown Source)
                        	at java.lang.Thread.run(Unknown Source)
                     </pre>
                  </div>
               </td>
            </tr>
            <tr id="com.unisys.pom.testcases.LoginTest_quit_byClass_PASS6_row"
                class="testMethodStatusPASS testMethodStatusCONF">
               <td width="100%" class="firstMethodCell">
                  <a onclick="toggleDetailsVisibility('com.unisys.pom.testcases.LoginTest_quit_byClass_PASS6_details')">quit()</a>
               </td>
               <td nowrap="true">09:20:17</td>
               <td nowrap="true" align="right">73 ms
                  
               </td>
               <td nowrap="true">
                   
                  
               </td>
            </tr>
            <tr>
               <td colspan="4" class="detailsBox">
                  <div id="com.unisys.pom.testcases.LoginTest_quit_byClass_PASS6_details"
                       class="testMethodDetails">
                     <div>
                        <b>Name: </b>quit
                     </div>
                     <div>
                        <b>Signature: </b>quit()[pri:0, instance:com.unisys.pom.testcases.LoginTest@3fc2959f]
                     </div>
                     <div>
                        <b>Start time: </b>09:20:17
                     </div>
                     <div>
                        <b>End time: </b>09:20:17
                     </div>
                     <div>
                        <b>Duration: </b>73 ms
                        
                     </div>
                  </div>
               </td>
            </tr>
            <tr></tr>
         </table>
         <br></br>
      </div>
      <div style="margin-top: 15px; color: gray; text-align: center; font-size: 9px;">
         Generated with
         
         <a href="http://code.google.com/p/testng-xslt/" style="color: #8888aa;"
            target="_blank">
            TestNG XSLT
            
         </a>
      </div>
   </body>
</html>