<html xmlns:math="http://exslt.org/math" xmlns:testng="http://testng.org">
   <head>
      <title>TestNG Results</title>
      <meta http-equiv="content-type" content="text/html; charset=utf-8"></meta>
      <meta http-equiv="pragma" content="no-cache"></meta>
      <meta http-equiv="cache-control" content="max-age=0"></meta>
      <meta http-equiv="cache-control" content="no-cache"></meta>
      <meta http-equiv="cache-control" content="no-store"></meta>
      <LINK rel="stylesheet" href="style.css"></LINK>
      <script type="text/javascript" src="main.js"></script>
   </head>
   <body>
      <table width="100%" style="font-size: 16px; margin-bottom: 10px;" cellspacing="1">
         <tr>
            <td width="100%">
               Test case
               
               <b>Profile Test</b>
            </td>
            <td style="background-color: #FFBBBB; padding: 3px 3px 3px 0;" align="center">
               <div style="width: 50px;">1</div>
            </td>
            <td style="background-color: lightgreen; padding: 3px 3px 3px 0;" align="center">
               <div style="width: 50px;">1</div>
            </td>
            <td style="background-color: #FFFFBB; padding: 3px 3px 3px 0;" align="center">
               <div style="width: 50px;">0</div>
            </td>
            <td align="center" style="background-color: #eaf0f7; padding: 3px 3px 3px 0;">
               <div style="width: 50px;">2</div>
            </td>
            <td align="center"
                style="font-weight: bold; background-color: #eaf0f7; padding: 3px 3px 3px 0;">
               <div style="width: 50px;">50%</div>
            </td>
            <td style="background-color: #eaf0f7; padding: 3px 3px 3px 0;" align="center"
                nowrap="true">2m
               1s
               
            </td>
         </tr>
      </table>
      <div style="width: 200px;">
         <label for="groupMethodsCheckBox" style="font-weight: bold; margin: 0;">
            <input id="groupMethodsCheckBox" type="checkbox" onclick="switchTestMethodsView(this)"></input>
            Group by class
            
         </label>
         <br></br>
         <label for="methodsFilter_ALL" style="font-weight: bold; margin: 0;">
            <input id="methodsFilter_ALL" type="checkbox"
                   onclick="testMethodsFilterChanged(this, 'ALL')"></input>
            All
            
         </label>
      </div>
      <label for="methodsFilter_FAIL" style="margin-left: 20px;">
         <input id="methodsFilter_FAIL" type="checkbox"
                onclick="testMethodsFilterChanged(this, 'FAIL')"
                checked=""></input>
         Failed
         
      </label>
      <label for="methodsFilter_PASS">
         <input id="methodsFilter_PASS" type="checkbox"
                onclick="testMethodsFilterChanged(this, 'PASS')"
                checked=""></input>
         Passed
         
      </label>
      <label for="methodsFilter_SKIP">
         <input id="methodsFilter_SKIP" type="checkbox"
                onclick="testMethodsFilterChanged(this, 'SKIP')"
                checked=""></input>
         Skipped
         
      </label>
      <label for="methodsFilter_CONF">
         <input id="methodsFilter_CONF" type="checkbox"
                onclick="testMethodsFilterChanged(this, 'CONF')"></input>
         Config
         
      </label>
      <br></br>
      <div id="testMethodsByStatus">
         <table class="testMethodsTable" cellpadding="0" cellspacing="0">
            <tr class="methodsTableHeader">
               <td width="100%">Name</td>
               <td nowrap="true">Started</td>
               <td nowrap="true">Duration</td>
               <td>Exception</td>
            </tr>
            <tr id="com.unisys.pom.testcases.LoginTest_doLogin_byStatus_failed_FAIL1_row"
                class="testMethodStatusFAIL">
               <td width="100%" class="firstMethodCell">
                  <a onclick="toggleDetailsVisibility('com.unisys.pom.testcases.LoginTest_doLogin_byStatus_failed_FAIL1_details')">doLogin({Username=9538442585, ExpectedResult=Success, Password=Unisys*1234, Runmode=Y, Browser=Mozilla})</a>
               </td>
               <td nowrap="true">17:59:10</td>
               <td nowrap="true" align="right">2m
                  33s
                  
               </td>
               <td nowrap="true">
                  <a onclick="toggleDetailsVisibility('com.unisys.pom.testcases.LoginTest_doLogin_byStatus_failed_FAIL1_exception')">org.openqa.selenium.WebDriverException: 
                     Failed to connect to binary FirefoxBinary(C:\Program Files (x86)\Mozilla Firefox\firefox.exe) on port 7055; process output
                     follows: 
                     ates":1,"skinnable":true,"size":19587,"sourceURI":null,"releaseNotesURI":null,"softDisabled":false,"foreignInstall":false,"hasBinaryComponents":false,"strictCompatibility":true,"locales":[],"targetApplications":[{"id":"{ec8030f7-c20a-464f-9b0e-13a3a9e97384}","minVersion":"52.0.2","maxVersion":"52.0.2"}],"targetPlatforms":[],"seen":true,"dependencies":[],"hasEmbeddedWebExtension":false}
                     1492950602431	addons.xpi	DEBUG	getModTime: Recursive scan of {972ce4c6-7e08-4474-a285-3208198ce6fd}
                     1492950602433	DeferredSave.extensions.json	DEBUG	Save changes
                     1492950602434	addons.xpi	DEBUG	Updating database with changes to installed add-ons
                     1492950602435	addons.xpi-utils	DEBUG	Updating add-on states
                     1492950602436	addons.xpi-utils	DEBUG	Writing add-ons list
                     1492950602442	addons.xpi	DEBUG	Registering manifest for C:\Program Files (x86)\Mozilla Firefox\browser\features\aushelper@mozilla.org.xpi
                     1492950602443	addons.xpi	DEBUG	Calling bootstrap method startup on aushelper@mozilla.org version 2.0
                     1492950602444	addons.xpi	DEBUG	Registering manifest for C:\Program Files (x86)\Mozilla Firefox\browser\features\deployment-checker@mozilla.org.xpi
                     1492950602446	addons.xpi	DEBUG	Calling bootstrap method startup on deployment-checker@mozilla.org version 1.0
                     1492950602447	addons.xpi	DEBUG	Registering manifest for C:\Program Files (x86)\Mozilla Firefox\browser\features\e10srollout@mozilla.org.xpi
                     1492950602448	addons.xpi	DEBUG	Calling bootstrap method startup on e10srollout@mozilla.org version 1.9
                     1492950602449	addons.xpi	DEBUG	Registering manifest for C:\Program Files (x86)\Mozilla Firefox\browser\features\firefox@getpocket.com.xpi
                     1492950602450	addons.xpi	DEBUG	Calling bootstrap method startup on firefox@getpocket.com version 1.0.5
                     1492950602451	addons.xpi	DEBUG	Registering manifest for C:\Program Files (x86)\Mozilla Firefox\browser\features\webcompat@mozilla.org.xpi
                     1492950602452	addons.xpi	DEBUG	Calling bootstrap method startup on webcompat@mozilla.org version 1.0
                     1492950602455	addons.manager	DEBUG	Registering shutdown blocker for XPIProvider
                     1492950602455	addons.manager	DEBUG	Provider finished startup: XPIProvider
                     1492950602455	addons.manager	DEBUG	Starting provider: LightweightThemeManager
                     1492950602455	addons.manager	DEBUG	Registering shutdown blocker for LightweightThemeManager
                     1492950602455	addons.manager	DEBUG	Provider finished startup: LightweightThemeManager
                     1492950602456	addons.manager	DEBUG	Starting provider: GMPProvider
                     1492950602471	addons.manager	DEBUG	Registering shutdown blocker for GMPProvider
                     1492950602472	addons.manager	DEBUG	Provider finished startup: GMPProvider
                     1492950602472	addons.manager	DEBUG	Starting provider: PluginProvider
                     1492950602472	addons.manager	DEBUG	Registering shutdown blocker for PluginProvider
                     1492950602472	addons.manager	DEBUG	Provider finished startup: PluginProvider
                     1492950602473	addons.manager	DEBUG	Completed startup sequence
                     1492950604521	addons.manager	DEBUG	Starting provider: &lt;unnamed-provider&gt;
                     1492950604521	addons.manager	DEBUG	Registering shutdown blocker for &lt;unnamed-provider&gt;
                     1492950604522	addons.manager	DEBUG	Provider finished startup: &lt;unnamed-provider&gt;
                     1492950604946	DeferredSave.extensions.json	DEBUG	Write succeeded
                     1492950604946	addons.xpi-utils	DEBUG	XPI Database saved, setting schema version preference to 19
                     1492950604947	DeferredSave.extensions.json	DEBUG	Starting timer
                     1492950604982	DeferredSave.extensions.json	DEBUG	Starting write
                     1492950604989	addons.repository	DEBUG	No addons.json found.
                     1492950604991	DeferredSave.addons.json	DEBUG	Save changes
                     1492950604996	DeferredSave.addons.json	DEBUG	Starting timer
                     1492950605084	addons.manager	DEBUG	Starting provider: PreviousExperimentProvider
                     1492950605084	addons.manager	DEBUG	Registering shutdown blocker for PreviousExperimentProvider
                     1492950605084	addons.manager	DEBUG	Provider finished startup: PreviousExperimentProvider
                     1492950605090	DeferredSave.addons.json	DEBUG	Starting write
                     1492950605137	DeferredSave.extensions.json	DEBUG	Write succeeded
                     1492950605206	DeferredSave.addons.json	DEBUG	Write succeeded
                     
                     Build info: version: '2.52.0', revision: '4c2593c', time: '2016-02-11 19:06:42'
                     System info: host: 'IN-HBharish-1', ip: '172.31.64.1', os.name: 'Windows 10', os.arch: 'amd64', os.version: '10.0', java.version:
                     '1.8.0_121'
                     Driver info: driver.version: FirefoxDriver
                     
                  </a>
                   
                  
               </td>
            </tr>
            <tr>
               <td colspan="4" class="detailsBox">
                  <div id="com.unisys.pom.testcases.LoginTest_doLogin_byStatus_failed_FAIL1_details"
                       class="testMethodDetails">
                     <div>
                        <b>Name: </b>doLogin
                     </div>
                     <div>
                        <b>Signature: </b>doLogin(java.util.Hashtable)[pri:0, instance:com.unisys.pom.testcases.LoginTest@45c7e403]
                     </div>
                     <div>
                        <b>Parameters: </b>
                        
                        {Username=9538442585, ExpectedResult=Success, Password=Unisys*1234, Runmode=Y, Browser=Mozilla}
                        
                        
                     </div>
                     <div>
                        <b>Start time: </b>17:59:10
                     </div>
                     <div>
                        <b>End time: </b>18:00:44
                     </div>
                     <div>
                        <b>Duration: </b>2m
                        33s
                        
                     </div>
                  </div>
               </td>
            </tr>
            <tr>
               <td colspan="4" class="detailsBox">
                  <div id="com.unisys.pom.testcases.LoginTest_doLogin_byStatus_failed_FAIL1_exception"
                       class="testMethodDetails">
                     <pre style="padding: 5px; margin: 0;">org.openqa.selenium.WebDriverException: Failed to connect to binary FirefoxBinary(C:\Program Files (x86)\Mozilla Firefox\firefox.exe)
                        on port 7055; process output follows: 
                        ates":1,"skinnable":true,"size":19587,"sourceURI":null,"releaseNotesURI":null,"softDisabled":false,"foreignInstall":false,"hasBinaryComponents":false,"strictCompatibility":true,"locales":[],"targetApplications":[{"id":"{ec8030f7-c20a-464f-9b0e-13a3a9e97384}","minVersion":"52.0.2","maxVersion":"52.0.2"}],"targetPlatforms":[],"seen":true,"dependencies":[],"hasEmbeddedWebExtension":false}
                        1492950602431	addons.xpi	DEBUG	getModTime: Recursive scan of {972ce4c6-7e08-4474-a285-3208198ce6fd}
                        1492950602433	DeferredSave.extensions.json	DEBUG	Save changes
                        1492950602434	addons.xpi	DEBUG	Updating database with changes to installed add-ons
                        1492950602435	addons.xpi-utils	DEBUG	Updating add-on states
                        1492950602436	addons.xpi-utils	DEBUG	Writing add-ons list
                        1492950602442	addons.xpi	DEBUG	Registering manifest for C:\Program Files (x86)\Mozilla Firefox\browser\features\aushelper@mozilla.org.xpi
                        1492950602443	addons.xpi	DEBUG	Calling bootstrap method startup on aushelper@mozilla.org version 2.0
                        1492950602444	addons.xpi	DEBUG	Registering manifest for C:\Program Files (x86)\Mozilla Firefox\browser\features\deployment-checker@mozilla.org.xpi
                        1492950602446	addons.xpi	DEBUG	Calling bootstrap method startup on deployment-checker@mozilla.org version 1.0
                        1492950602447	addons.xpi	DEBUG	Registering manifest for C:\Program Files (x86)\Mozilla Firefox\browser\features\e10srollout@mozilla.org.xpi
                        1492950602448	addons.xpi	DEBUG	Calling bootstrap method startup on e10srollout@mozilla.org version 1.9
                        1492950602449	addons.xpi	DEBUG	Registering manifest for C:\Program Files (x86)\Mozilla Firefox\browser\features\firefox@getpocket.com.xpi
                        1492950602450	addons.xpi	DEBUG	Calling bootstrap method startup on firefox@getpocket.com version 1.0.5
                        1492950602451	addons.xpi	DEBUG	Registering manifest for C:\Program Files (x86)\Mozilla Firefox\browser\features\webcompat@mozilla.org.xpi
                        1492950602452	addons.xpi	DEBUG	Calling bootstrap method startup on webcompat@mozilla.org version 1.0
                        1492950602455	addons.manager	DEBUG	Registering shutdown blocker for XPIProvider
                        1492950602455	addons.manager	DEBUG	Provider finished startup: XPIProvider
                        1492950602455	addons.manager	DEBUG	Starting provider: LightweightThemeManager
                        1492950602455	addons.manager	DEBUG	Registering shutdown blocker for LightweightThemeManager
                        1492950602455	addons.manager	DEBUG	Provider finished startup: LightweightThemeManager
                        1492950602456	addons.manager	DEBUG	Starting provider: GMPProvider
                        1492950602471	addons.manager	DEBUG	Registering shutdown blocker for GMPProvider
                        1492950602472	addons.manager	DEBUG	Provider finished startup: GMPProvider
                        1492950602472	addons.manager	DEBUG	Starting provider: PluginProvider
                        1492950602472	addons.manager	DEBUG	Registering shutdown blocker for PluginProvider
                        1492950602472	addons.manager	DEBUG	Provider finished startup: PluginProvider
                        1492950602473	addons.manager	DEBUG	Completed startup sequence
                        1492950604521	addons.manager	DEBUG	Starting provider: &lt;unnamed-provider&gt;
                        1492950604521	addons.manager	DEBUG	Registering shutdown blocker for &lt;unnamed-provider&gt;
                        1492950604522	addons.manager	DEBUG	Provider finished startup: &lt;unnamed-provider&gt;
                        1492950604946	DeferredSave.extensions.json	DEBUG	Write succeeded
                        1492950604946	addons.xpi-utils	DEBUG	XPI Database saved, setting schema version preference to 19
                        1492950604947	DeferredSave.extensions.json	DEBUG	Starting timer
                        1492950604982	DeferredSave.extensions.json	DEBUG	Starting write
                        1492950604989	addons.repository	DEBUG	No addons.json found.
                        1492950604991	DeferredSave.addons.json	DEBUG	Save changes
                        1492950604996	DeferredSave.addons.json	DEBUG	Starting timer
                        1492950605084	addons.manager	DEBUG	Starting provider: PreviousExperimentProvider
                        1492950605084	addons.manager	DEBUG	Registering shutdown blocker for PreviousExperimentProvider
                        1492950605084	addons.manager	DEBUG	Provider finished startup: PreviousExperimentProvider
                        1492950605090	DeferredSave.addons.json	DEBUG	Starting write
                        1492950605137	DeferredSave.extensions.json	DEBUG	Write succeeded
                        1492950605206	DeferredSave.addons.json	DEBUG	Write succeeded
                        
                        Build info: version: '2.52.0', revision: '4c2593c', time: '2016-02-11 19:06:42'
                        System info: host: 'IN-HBharish-1', ip: '172.31.64.1', os.name: 'Windows 10', os.arch: 'amd64', os.version: '10.0', java.version:
                        '1.8.0_121'
                        Driver info: driver.version: FirefoxDriver
                        	at org.openqa.selenium.firefox.internal.NewProfileExtensionConnection.start(NewProfileExtensionConnection.java:124)
                        	at org.openqa.selenium.firefox.FirefoxDriver.startClient(FirefoxDriver.java:271)
                        	at org.openqa.selenium.remote.RemoteWebDriver.&lt;init&gt;(RemoteWebDriver.java:119)
                        	at org.openqa.selenium.firefox.FirefoxDriver.&lt;init&gt;(FirefoxDriver.java:218)
                        	at org.openqa.selenium.firefox.FirefoxDriver.&lt;init&gt;(FirefoxDriver.java:211)
                        	at org.openqa.selenium.firefox.FirefoxDriver.&lt;init&gt;(FirefoxDriver.java:207)
                        	at org.openqa.selenium.firefox.FirefoxDriver.&lt;init&gt;(FirefoxDriver.java:120)
                        	at com.unisys.pom.testcases.base.BaseTest.init(BaseTest.java:48)
                        	at com.unisys.pom.testcases.LoginTest.doLogin(LoginTest.java:32)
                        	at sun.reflect.NativeMethodAccessorImpl.invoke0(Native Method)
                        	at sun.reflect.NativeMethodAccessorImpl.invoke(Unknown Source)
                        	at sun.reflect.DelegatingMethodAccessorImpl.invoke(Unknown Source)
                        	at java.lang.reflect.Method.invoke(Unknown Source)
                        	at org.testng.internal.MethodInvocationHelper.invokeMethod(MethodInvocationHelper.java:85)
                        	at org.testng.internal.Invoker.invokeMethod(Invoker.java:639)
                        	at org.testng.internal.Invoker.invokeTestMethod(Invoker.java:816)
                        	at org.testng.internal.Invoker.invokeTestMethods(Invoker.java:1124)
                        	at org.testng.internal.TestMethodWorker.invokeTestMethods(TestMethodWorker.java:125)
                        	at org.testng.internal.TestMethodWorker.run(TestMethodWorker.java:108)
                        	at org.testng.TestRunner.privateRun(TestRunner.java:774)
                        	at org.testng.TestRunner.run(TestRunner.java:624)
                        	at org.testng.SuiteRunner.runTest(SuiteRunner.java:359)
                        	at org.testng.SuiteRunner.access$000(SuiteRunner.java:39)
                        	at org.testng.SuiteRunner$SuiteWorker.run(SuiteRunner.java:393)
                        	at org.testng.internal.thread.ThreadUtil$2.call(ThreadUtil.java:64)
                        	at java.util.concurrent.FutureTask.run(Unknown Source)
                        	at java.util.concurrent.ThreadPoolExecutor.runWorker(Unknown Source)
                        	at java.util.concurrent.ThreadPoolExecutor$Worker.run(Unknown Source)
                        	at java.lang.Thread.run(Unknown Source)
                        Caused by: org.openqa.selenium.firefox.NotConnectedException: Unable to connect to host 127.0.0.1 on port 7055 after 45000
                        ms. Firefox console output:
                        ates":1,"skinnable":true,"size":19587,"sourceURI":null,"releaseNotesURI":null,"softDisabled":false,"foreignInstall":false,"hasBinaryComponents":false,"strictCompatibility":true,"locales":[],"targetApplications":[{"id":"{ec8030f7-c20a-464f-9b0e-13a3a9e97384}","minVersion":"52.0.2","maxVersion":"52.0.2"}],"targetPlatforms":[],"seen":true,"dependencies":[],"hasEmbeddedWebExtension":false}
                        1492950602431	addons.xpi	DEBUG	getModTime: Recursive scan of {972ce4c6-7e08-4474-a285-3208198ce6fd}
                        1492950602433	DeferredSave.extensions.json	DEBUG	Save changes
                        1492950602434	addons.xpi	DEBUG	Updating database with changes to installed add-ons
                        1492950602435	addons.xpi-utils	DEBUG	Updating add-on states
                        1492950602436	addons.xpi-utils	DEBUG	Writing add-ons list
                        1492950602442	addons.xpi	DEBUG	Registering manifest for C:\Program Files (x86)\Mozilla Firefox\browser\features\aushelper@mozilla.org.xpi
                        1492950602443	addons.xpi	DEBUG	Calling bootstrap method startup on aushelper@mozilla.org version 2.0
                        1492950602444	addons.xpi	DEBUG	Registering manifest for C:\Program Files (x86)\Mozilla Firefox\browser\features\deployment-checker@mozilla.org.xpi
                        1492950602446	addons.xpi	DEBUG	Calling bootstrap method startup on deployment-checker@mozilla.org version 1.0
                        1492950602447	addons.xpi	DEBUG	Registering manifest for C:\Program Files (x86)\Mozilla Firefox\browser\features\e10srollout@mozilla.org.xpi
                        1492950602448	addons.xpi	DEBUG	Calling bootstrap method startup on e10srollout@mozilla.org version 1.9
                        1492950602449	addons.xpi	DEBUG	Registering manifest for C:\Program Files (x86)\Mozilla Firefox\browser\features\firefox@getpocket.com.xpi
                        1492950602450	addons.xpi	DEBUG	Calling bootstrap method startup on firefox@getpocket.com version 1.0.5
                        1492950602451	addons.xpi	DEBUG	Registering manifest for C:\Program Files (x86)\Mozilla Firefox\browser\features\webcompat@mozilla.org.xpi
                        1492950602452	addons.xpi	DEBUG	Calling bootstrap method startup on webcompat@mozilla.org version 1.0
                        1492950602455	addons.manager	DEBUG	Registering shutdown blocker for XPIProvider
                        1492950602455	addons.manager	DEBUG	Provider finished startup: XPIProvider
                        1492950602455	addons.manager	DEBUG	Starting provider: LightweightThemeManager
                        1492950602455	addons.manager	DEBUG	Registering shutdown blocker for LightweightThemeManager
                        1492950602455	addons.manager	DEBUG	Provider finished startup: LightweightThemeManager
                        1492950602456	addons.manager	DEBUG	Starting provider: GMPProvider
                        1492950602471	addons.manager	DEBUG	Registering shutdown blocker for GMPProvider
                        1492950602472	addons.manager	DEBUG	Provider finished startup: GMPProvider
                        1492950602472	addons.manager	DEBUG	Starting provider: PluginProvider
                        1492950602472	addons.manager	DEBUG	Registering shutdown blocker for PluginProvider
                        1492950602472	addons.manager	DEBUG	Provider finished startup: PluginProvider
                        1492950602473	addons.manager	DEBUG	Completed startup sequence
                        1492950604521	addons.manager	DEBUG	Starting provider: &lt;unnamed-provider&gt;
                        1492950604521	addons.manager	DEBUG	Registering shutdown blocker for &lt;unnamed-provider&gt;
                        1492950604522	addons.manager	DEBUG	Provider finished startup: &lt;unnamed-provider&gt;
                        1492950604946	DeferredSave.extensions.json	DEBUG	Write succeeded
                        1492950604946	addons.xpi-utils	DEBUG	XPI Database saved, setting schema version preference to 19
                        1492950604947	DeferredSave.extensions.json	DEBUG	Starting timer
                        1492950604982	DeferredSave.extensions.json	DEBUG	Starting write
                        1492950604989	addons.repository	DEBUG	No addons.json found.
                        1492950604991	DeferredSave.addons.json	DEBUG	Save changes
                        1492950604996	DeferredSave.addons.json	DEBUG	Starting timer
                        1492950605084	addons.manager	DEBUG	Starting provider: PreviousExperimentProvider
                        1492950605084	addons.manager	DEBUG	Registering shutdown blocker for PreviousExperimentProvider
                        1492950605084	addons.manager	DEBUG	Provider finished startup: PreviousExperimentProvider
                        1492950605090	DeferredSave.addons.json	DEBUG	Starting write
                        1492950605137	DeferredSave.extensions.json	DEBUG	Write succeeded
                        1492950605206	DeferredSave.addons.json	DEBUG	Write succeeded
                        
                        	at org.openqa.selenium.firefox.internal.NewProfileExtensionConnection.start(NewProfileExtensionConnection.java:112)
                        	... 28 more
                     </pre>
                  </div>
               </td>
            </tr>
            <tr id="com.unisys.pom.testcases.LoginTest_quit_byStatus_passed_PASS1_row"
                class="testMethodStatusPASS testMethodStatusCONF">
               <td width="100%" class="firstMethodCell">
                  <a onclick="toggleDetailsVisibility('com.unisys.pom.testcases.LoginTest_quit_byStatus_passed_PASS1_details')">quit()</a>
               </td>
               <td nowrap="true">18:00:44</td>
               <td nowrap="true" align="right">48 ms
                  
               </td>
               <td nowrap="true">
                   
                  
               </td>
            </tr>
            <tr>
               <td colspan="4" class="detailsBox">
                  <div id="com.unisys.pom.testcases.LoginTest_quit_byStatus_passed_PASS1_details"
                       class="testMethodDetails">
                     <div>
                        <b>Name: </b>quit
                     </div>
                     <div>
                        <b>Signature: </b>quit()[pri:0, instance:com.unisys.pom.testcases.LoginTest@45c7e403]
                     </div>
                     <div>
                        <b>Start time: </b>18:00:44
                     </div>
                     <div>
                        <b>End time: </b>18:00:44
                     </div>
                     <div>
                        <b>Duration: </b>48 ms
                        
                     </div>
                  </div>
               </td>
            </tr>
            <tr></tr>
            <tr id="com.unisys.pom.testcases.LoginTest_doLogin_byStatus_passed_PASS2_row"
                class="testMethodStatusPASS">
               <td width="100%" class="firstMethodCell">
                  <a onclick="toggleDetailsVisibility('com.unisys.pom.testcases.LoginTest_doLogin_byStatus_passed_PASS2_details')">doLogin({Username=9538442585, ExpectedResult=Unsuccessful, Password=test, Runmode=Y, Browser=Chrome})</a>
               </td>
               <td nowrap="true">18:00:44</td>
               <td nowrap="true" align="right">27s
                  
               </td>
               <td nowrap="true">
                   
                  
               </td>
            </tr>
            <tr>
               <td colspan="4" class="detailsBox">
                  <div id="com.unisys.pom.testcases.LoginTest_doLogin_byStatus_passed_PASS2_details"
                       class="testMethodDetails">
                     <div>
                        <b>Name: </b>doLogin
                     </div>
                     <div>
                        <b>Signature: </b>doLogin(java.util.Hashtable)[pri:0, instance:com.unisys.pom.testcases.LoginTest@45c7e403]
                     </div>
                     <div>
                        <b>Parameters: </b>
                        
                        {Username=9538442585, ExpectedResult=Unsuccessful, Password=test, Runmode=Y, Browser=Chrome}
                        
                        
                     </div>
                     <div>
                        <b>Start time: </b>18:00:44
                     </div>
                     <div>
                        <b>End time: </b>18:01:11
                     </div>
                     <div>
                        <b>Duration: </b>27s
                        
                     </div>
                  </div>
               </td>
            </tr>
            <tr></tr>
            <tr id="com.unisys.pom.testcases.LoginTest_quit_byStatus_passed_PASS3_row"
                class="testMethodStatusPASS testMethodStatusCONF">
               <td width="100%" class="firstMethodCell">
                  <a onclick="toggleDetailsVisibility('com.unisys.pom.testcases.LoginTest_quit_byStatus_passed_PASS3_details')">quit()</a>
               </td>
               <td nowrap="true">18:01:11</td>
               <td nowrap="true" align="right">879 ms
                  
               </td>
               <td nowrap="true">
                   
                  
               </td>
            </tr>
            <tr>
               <td colspan="4" class="detailsBox">
                  <div id="com.unisys.pom.testcases.LoginTest_quit_byStatus_passed_PASS3_details"
                       class="testMethodDetails">
                     <div>
                        <b>Name: </b>quit
                     </div>
                     <div>
                        <b>Signature: </b>quit()[pri:0, instance:com.unisys.pom.testcases.LoginTest@45c7e403]
                     </div>
                     <div>
                        <b>Start time: </b>18:01:11
                     </div>
                     <div>
                        <b>End time: </b>18:01:12
                     </div>
                     <div>
                        <b>Duration: </b>879 ms
                        
                     </div>
                  </div>
               </td>
            </tr>
            <tr></tr>
         </table>
      </div>
      <div id="testMethodsByClass" style="display: none;">
         <table class="testMethodsTable" cellpadding="0" cellspacing="0">
            <tr>
               <td colspan="4">
                  <h3 style="display: inline;">com.unisys.pom.testcases.LoginTest</h3>
               </td>
            </tr>
            <tr class="methodsTableHeader">
               <td width="100%">Name</td>
               <td nowrap="true">Started</td>
               <td nowrap="true">Duration</td>
               <td>Exception</td>
            </tr>
            <tr id="com.unisys.pom.testcases.LoginTest_doLogin_byClass_FAIL1_row"
                class="testMethodStatusFAIL">
               <td width="100%" class="firstMethodCell">
                  <a onclick="toggleDetailsVisibility('com.unisys.pom.testcases.LoginTest_doLogin_byClass_FAIL1_details')">doLogin({Username=9538442585, ExpectedResult=Success, Password=Unisys*1234, Runmode=Y, Browser=Mozilla})</a>
               </td>
               <td nowrap="true">17:59:10</td>
               <td nowrap="true" align="right">2m
                  33s
                  
               </td>
               <td nowrap="true">
                  <a onclick="toggleDetailsVisibility('com.unisys.pom.testcases.LoginTest_doLogin_byClass_FAIL1_exception')">org.openqa.selenium.WebDriverException: 
                     Failed to connect to binary FirefoxBinary(C:\Program Files (x86)\Mozilla Firefox\firefox.exe) on port 7055; process output
                     follows: 
                     ates":1,"skinnable":true,"size":19587,"sourceURI":null,"releaseNotesURI":null,"softDisabled":false,"foreignInstall":false,"hasBinaryComponents":false,"strictCompatibility":true,"locales":[],"targetApplications":[{"id":"{ec8030f7-c20a-464f-9b0e-13a3a9e97384}","minVersion":"52.0.2","maxVersion":"52.0.2"}],"targetPlatforms":[],"seen":true,"dependencies":[],"hasEmbeddedWebExtension":false}
                     1492950602431	addons.xpi	DEBUG	getModTime: Recursive scan of {972ce4c6-7e08-4474-a285-3208198ce6fd}
                     1492950602433	DeferredSave.extensions.json	DEBUG	Save changes
                     1492950602434	addons.xpi	DEBUG	Updating database with changes to installed add-ons
                     1492950602435	addons.xpi-utils	DEBUG	Updating add-on states
                     1492950602436	addons.xpi-utils	DEBUG	Writing add-ons list
                     1492950602442	addons.xpi	DEBUG	Registering manifest for C:\Program Files (x86)\Mozilla Firefox\browser\features\aushelper@mozilla.org.xpi
                     1492950602443	addons.xpi	DEBUG	Calling bootstrap method startup on aushelper@mozilla.org version 2.0
                     1492950602444	addons.xpi	DEBUG	Registering manifest for C:\Program Files (x86)\Mozilla Firefox\browser\features\deployment-checker@mozilla.org.xpi
                     1492950602446	addons.xpi	DEBUG	Calling bootstrap method startup on deployment-checker@mozilla.org version 1.0
                     1492950602447	addons.xpi	DEBUG	Registering manifest for C:\Program Files (x86)\Mozilla Firefox\browser\features\e10srollout@mozilla.org.xpi
                     1492950602448	addons.xpi	DEBUG	Calling bootstrap method startup on e10srollout@mozilla.org version 1.9
                     1492950602449	addons.xpi	DEBUG	Registering manifest for C:\Program Files (x86)\Mozilla Firefox\browser\features\firefox@getpocket.com.xpi
                     1492950602450	addons.xpi	DEBUG	Calling bootstrap method startup on firefox@getpocket.com version 1.0.5
                     1492950602451	addons.xpi	DEBUG	Registering manifest for C:\Program Files (x86)\Mozilla Firefox\browser\features\webcompat@mozilla.org.xpi
                     1492950602452	addons.xpi	DEBUG	Calling bootstrap method startup on webcompat@mozilla.org version 1.0
                     1492950602455	addons.manager	DEBUG	Registering shutdown blocker for XPIProvider
                     1492950602455	addons.manager	DEBUG	Provider finished startup: XPIProvider
                     1492950602455	addons.manager	DEBUG	Starting provider: LightweightThemeManager
                     1492950602455	addons.manager	DEBUG	Registering shutdown blocker for LightweightThemeManager
                     1492950602455	addons.manager	DEBUG	Provider finished startup: LightweightThemeManager
                     1492950602456	addons.manager	DEBUG	Starting provider: GMPProvider
                     1492950602471	addons.manager	DEBUG	Registering shutdown blocker for GMPProvider
                     1492950602472	addons.manager	DEBUG	Provider finished startup: GMPProvider
                     1492950602472	addons.manager	DEBUG	Starting provider: PluginProvider
                     1492950602472	addons.manager	DEBUG	Registering shutdown blocker for PluginProvider
                     1492950602472	addons.manager	DEBUG	Provider finished startup: PluginProvider
                     1492950602473	addons.manager	DEBUG	Completed startup sequence
                     1492950604521	addons.manager	DEBUG	Starting provider: &lt;unnamed-provider&gt;
                     1492950604521	addons.manager	DEBUG	Registering shutdown blocker for &lt;unnamed-provider&gt;
                     1492950604522	addons.manager	DEBUG	Provider finished startup: &lt;unnamed-provider&gt;
                     1492950604946	DeferredSave.extensions.json	DEBUG	Write succeeded
                     1492950604946	addons.xpi-utils	DEBUG	XPI Database saved, setting schema version preference to 19
                     1492950604947	DeferredSave.extensions.json	DEBUG	Starting timer
                     1492950604982	DeferredSave.extensions.json	DEBUG	Starting write
                     1492950604989	addons.repository	DEBUG	No addons.json found.
                     1492950604991	DeferredSave.addons.json	DEBUG	Save changes
                     1492950604996	DeferredSave.addons.json	DEBUG	Starting timer
                     1492950605084	addons.manager	DEBUG	Starting provider: PreviousExperimentProvider
                     1492950605084	addons.manager	DEBUG	Registering shutdown blocker for PreviousExperimentProvider
                     1492950605084	addons.manager	DEBUG	Provider finished startup: PreviousExperimentProvider
                     1492950605090	DeferredSave.addons.json	DEBUG	Starting write
                     1492950605137	DeferredSave.extensions.json	DEBUG	Write succeeded
                     1492950605206	DeferredSave.addons.json	DEBUG	Write succeeded
                     
                     Build info: version: '2.52.0', revision: '4c2593c', time: '2016-02-11 19:06:42'
                     System info: host: 'IN-HBharish-1', ip: '172.31.64.1', os.name: 'Windows 10', os.arch: 'amd64', os.version: '10.0', java.version:
                     '1.8.0_121'
                     Driver info: driver.version: FirefoxDriver
                     
                  </a>
                   
                  
               </td>
            </tr>
            <tr>
               <td colspan="4" class="detailsBox">
                  <div id="com.unisys.pom.testcases.LoginTest_doLogin_byClass_FAIL1_details"
                       class="testMethodDetails">
                     <div>
                        <b>Name: </b>doLogin
                     </div>
                     <div>
                        <b>Signature: </b>doLogin(java.util.Hashtable)[pri:0, instance:com.unisys.pom.testcases.LoginTest@45c7e403]
                     </div>
                     <div>
                        <b>Parameters: </b>
                        
                        {Username=9538442585, ExpectedResult=Success, Password=Unisys*1234, Runmode=Y, Browser=Mozilla}
                        
                        
                     </div>
                     <div>
                        <b>Start time: </b>17:59:10
                     </div>
                     <div>
                        <b>End time: </b>18:00:44
                     </div>
                     <div>
                        <b>Duration: </b>2m
                        33s
                        
                     </div>
                  </div>
               </td>
            </tr>
            <tr>
               <td colspan="4" class="detailsBox">
                  <div id="com.unisys.pom.testcases.LoginTest_doLogin_byClass_FAIL1_exception"
                       class="testMethodDetails">
                     <pre style="padding: 5px; margin: 0;">org.openqa.selenium.WebDriverException: Failed to connect to binary FirefoxBinary(C:\Program Files (x86)\Mozilla Firefox\firefox.exe)
                        on port 7055; process output follows: 
                        ates":1,"skinnable":true,"size":19587,"sourceURI":null,"releaseNotesURI":null,"softDisabled":false,"foreignInstall":false,"hasBinaryComponents":false,"strictCompatibility":true,"locales":[],"targetApplications":[{"id":"{ec8030f7-c20a-464f-9b0e-13a3a9e97384}","minVersion":"52.0.2","maxVersion":"52.0.2"}],"targetPlatforms":[],"seen":true,"dependencies":[],"hasEmbeddedWebExtension":false}
                        1492950602431	addons.xpi	DEBUG	getModTime: Recursive scan of {972ce4c6-7e08-4474-a285-3208198ce6fd}
                        1492950602433	DeferredSave.extensions.json	DEBUG	Save changes
                        1492950602434	addons.xpi	DEBUG	Updating database with changes to installed add-ons
                        1492950602435	addons.xpi-utils	DEBUG	Updating add-on states
                        1492950602436	addons.xpi-utils	DEBUG	Writing add-ons list
                        1492950602442	addons.xpi	DEBUG	Registering manifest for C:\Program Files (x86)\Mozilla Firefox\browser\features\aushelper@mozilla.org.xpi
                        1492950602443	addons.xpi	DEBUG	Calling bootstrap method startup on aushelper@mozilla.org version 2.0
                        1492950602444	addons.xpi	DEBUG	Registering manifest for C:\Program Files (x86)\Mozilla Firefox\browser\features\deployment-checker@mozilla.org.xpi
                        1492950602446	addons.xpi	DEBUG	Calling bootstrap method startup on deployment-checker@mozilla.org version 1.0
                        1492950602447	addons.xpi	DEBUG	Registering manifest for C:\Program Files (x86)\Mozilla Firefox\browser\features\e10srollout@mozilla.org.xpi
                        1492950602448	addons.xpi	DEBUG	Calling bootstrap method startup on e10srollout@mozilla.org version 1.9
                        1492950602449	addons.xpi	DEBUG	Registering manifest for C:\Program Files (x86)\Mozilla Firefox\browser\features\firefox@getpocket.com.xpi
                        1492950602450	addons.xpi	DEBUG	Calling bootstrap method startup on firefox@getpocket.com version 1.0.5
                        1492950602451	addons.xpi	DEBUG	Registering manifest for C:\Program Files (x86)\Mozilla Firefox\browser\features\webcompat@mozilla.org.xpi
                        1492950602452	addons.xpi	DEBUG	Calling bootstrap method startup on webcompat@mozilla.org version 1.0
                        1492950602455	addons.manager	DEBUG	Registering shutdown blocker for XPIProvider
                        1492950602455	addons.manager	DEBUG	Provider finished startup: XPIProvider
                        1492950602455	addons.manager	DEBUG	Starting provider: LightweightThemeManager
                        1492950602455	addons.manager	DEBUG	Registering shutdown blocker for LightweightThemeManager
                        1492950602455	addons.manager	DEBUG	Provider finished startup: LightweightThemeManager
                        1492950602456	addons.manager	DEBUG	Starting provider: GMPProvider
                        1492950602471	addons.manager	DEBUG	Registering shutdown blocker for GMPProvider
                        1492950602472	addons.manager	DEBUG	Provider finished startup: GMPProvider
                        1492950602472	addons.manager	DEBUG	Starting provider: PluginProvider
                        1492950602472	addons.manager	DEBUG	Registering shutdown blocker for PluginProvider
                        1492950602472	addons.manager	DEBUG	Provider finished startup: PluginProvider
                        1492950602473	addons.manager	DEBUG	Completed startup sequence
                        1492950604521	addons.manager	DEBUG	Starting provider: &lt;unnamed-provider&gt;
                        1492950604521	addons.manager	DEBUG	Registering shutdown blocker for &lt;unnamed-provider&gt;
                        1492950604522	addons.manager	DEBUG	Provider finished startup: &lt;unnamed-provider&gt;
                        1492950604946	DeferredSave.extensions.json	DEBUG	Write succeeded
                        1492950604946	addons.xpi-utils	DEBUG	XPI Database saved, setting schema version preference to 19
                        1492950604947	DeferredSave.extensions.json	DEBUG	Starting timer
                        1492950604982	DeferredSave.extensions.json	DEBUG	Starting write
                        1492950604989	addons.repository	DEBUG	No addons.json found.
                        1492950604991	DeferredSave.addons.json	DEBUG	Save changes
                        1492950604996	DeferredSave.addons.json	DEBUG	Starting timer
                        1492950605084	addons.manager	DEBUG	Starting provider: PreviousExperimentProvider
                        1492950605084	addons.manager	DEBUG	Registering shutdown blocker for PreviousExperimentProvider
                        1492950605084	addons.manager	DEBUG	Provider finished startup: PreviousExperimentProvider
                        1492950605090	DeferredSave.addons.json	DEBUG	Starting write
                        1492950605137	DeferredSave.extensions.json	DEBUG	Write succeeded
                        1492950605206	DeferredSave.addons.json	DEBUG	Write succeeded
                        
                        Build info: version: '2.52.0', revision: '4c2593c', time: '2016-02-11 19:06:42'
                        System info: host: 'IN-HBharish-1', ip: '172.31.64.1', os.name: 'Windows 10', os.arch: 'amd64', os.version: '10.0', java.version:
                        '1.8.0_121'
                        Driver info: driver.version: FirefoxDriver
                        	at org.openqa.selenium.firefox.internal.NewProfileExtensionConnection.start(NewProfileExtensionConnection.java:124)
                        	at org.openqa.selenium.firefox.FirefoxDriver.startClient(FirefoxDriver.java:271)
                        	at org.openqa.selenium.remote.RemoteWebDriver.&lt;init&gt;(RemoteWebDriver.java:119)
                        	at org.openqa.selenium.firefox.FirefoxDriver.&lt;init&gt;(FirefoxDriver.java:218)
                        	at org.openqa.selenium.firefox.FirefoxDriver.&lt;init&gt;(FirefoxDriver.java:211)
                        	at org.openqa.selenium.firefox.FirefoxDriver.&lt;init&gt;(FirefoxDriver.java:207)
                        	at org.openqa.selenium.firefox.FirefoxDriver.&lt;init&gt;(FirefoxDriver.java:120)
                        	at com.unisys.pom.testcases.base.BaseTest.init(BaseTest.java:48)
                        	at com.unisys.pom.testcases.LoginTest.doLogin(LoginTest.java:32)
                        	at sun.reflect.NativeMethodAccessorImpl.invoke0(Native Method)
                        	at sun.reflect.NativeMethodAccessorImpl.invoke(Unknown Source)
                        	at sun.reflect.DelegatingMethodAccessorImpl.invoke(Unknown Source)
                        	at java.lang.reflect.Method.invoke(Unknown Source)
                        	at org.testng.internal.MethodInvocationHelper.invokeMethod(MethodInvocationHelper.java:85)
                        	at org.testng.internal.Invoker.invokeMethod(Invoker.java:639)
                        	at org.testng.internal.Invoker.invokeTestMethod(Invoker.java:816)
                        	at org.testng.internal.Invoker.invokeTestMethods(Invoker.java:1124)
                        	at org.testng.internal.TestMethodWorker.invokeTestMethods(TestMethodWorker.java:125)
                        	at org.testng.internal.TestMethodWorker.run(TestMethodWorker.java:108)
                        	at org.testng.TestRunner.privateRun(TestRunner.java:774)
                        	at org.testng.TestRunner.run(TestRunner.java:624)
                        	at org.testng.SuiteRunner.runTest(SuiteRunner.java:359)
                        	at org.testng.SuiteRunner.access$000(SuiteRunner.java:39)
                        	at org.testng.SuiteRunner$SuiteWorker.run(SuiteRunner.java:393)
                        	at org.testng.internal.thread.ThreadUtil$2.call(ThreadUtil.java:64)
                        	at java.util.concurrent.FutureTask.run(Unknown Source)
                        	at java.util.concurrent.ThreadPoolExecutor.runWorker(Unknown Source)
                        	at java.util.concurrent.ThreadPoolExecutor$Worker.run(Unknown Source)
                        	at java.lang.Thread.run(Unknown Source)
                        Caused by: org.openqa.selenium.firefox.NotConnectedException: Unable to connect to host 127.0.0.1 on port 7055 after 45000
                        ms. Firefox console output:
                        ates":1,"skinnable":true,"size":19587,"sourceURI":null,"releaseNotesURI":null,"softDisabled":false,"foreignInstall":false,"hasBinaryComponents":false,"strictCompatibility":true,"locales":[],"targetApplications":[{"id":"{ec8030f7-c20a-464f-9b0e-13a3a9e97384}","minVersion":"52.0.2","maxVersion":"52.0.2"}],"targetPlatforms":[],"seen":true,"dependencies":[],"hasEmbeddedWebExtension":false}
                        1492950602431	addons.xpi	DEBUG	getModTime: Recursive scan of {972ce4c6-7e08-4474-a285-3208198ce6fd}
                        1492950602433	DeferredSave.extensions.json	DEBUG	Save changes
                        1492950602434	addons.xpi	DEBUG	Updating database with changes to installed add-ons
                        1492950602435	addons.xpi-utils	DEBUG	Updating add-on states
                        1492950602436	addons.xpi-utils	DEBUG	Writing add-ons list
                        1492950602442	addons.xpi	DEBUG	Registering manifest for C:\Program Files (x86)\Mozilla Firefox\browser\features\aushelper@mozilla.org.xpi
                        1492950602443	addons.xpi	DEBUG	Calling bootstrap method startup on aushelper@mozilla.org version 2.0
                        1492950602444	addons.xpi	DEBUG	Registering manifest for C:\Program Files (x86)\Mozilla Firefox\browser\features\deployment-checker@mozilla.org.xpi
                        1492950602446	addons.xpi	DEBUG	Calling bootstrap method startup on deployment-checker@mozilla.org version 1.0
                        1492950602447	addons.xpi	DEBUG	Registering manifest for C:\Program Files (x86)\Mozilla Firefox\browser\features\e10srollout@mozilla.org.xpi
                        1492950602448	addons.xpi	DEBUG	Calling bootstrap method startup on e10srollout@mozilla.org version 1.9
                        1492950602449	addons.xpi	DEBUG	Registering manifest for C:\Program Files (x86)\Mozilla Firefox\browser\features\firefox@getpocket.com.xpi
                        1492950602450	addons.xpi	DEBUG	Calling bootstrap method startup on firefox@getpocket.com version 1.0.5
                        1492950602451	addons.xpi	DEBUG	Registering manifest for C:\Program Files (x86)\Mozilla Firefox\browser\features\webcompat@mozilla.org.xpi
                        1492950602452	addons.xpi	DEBUG	Calling bootstrap method startup on webcompat@mozilla.org version 1.0
                        1492950602455	addons.manager	DEBUG	Registering shutdown blocker for XPIProvider
                        1492950602455	addons.manager	DEBUG	Provider finished startup: XPIProvider
                        1492950602455	addons.manager	DEBUG	Starting provider: LightweightThemeManager
                        1492950602455	addons.manager	DEBUG	Registering shutdown blocker for LightweightThemeManager
                        1492950602455	addons.manager	DEBUG	Provider finished startup: LightweightThemeManager
                        1492950602456	addons.manager	DEBUG	Starting provider: GMPProvider
                        1492950602471	addons.manager	DEBUG	Registering shutdown blocker for GMPProvider
                        1492950602472	addons.manager	DEBUG	Provider finished startup: GMPProvider
                        1492950602472	addons.manager	DEBUG	Starting provider: PluginProvider
                        1492950602472	addons.manager	DEBUG	Registering shutdown blocker for PluginProvider
                        1492950602472	addons.manager	DEBUG	Provider finished startup: PluginProvider
                        1492950602473	addons.manager	DEBUG	Completed startup sequence
                        1492950604521	addons.manager	DEBUG	Starting provider: &lt;unnamed-provider&gt;
                        1492950604521	addons.manager	DEBUG	Registering shutdown blocker for &lt;unnamed-provider&gt;
                        1492950604522	addons.manager	DEBUG	Provider finished startup: &lt;unnamed-provider&gt;
                        1492950604946	DeferredSave.extensions.json	DEBUG	Write succeeded
                        1492950604946	addons.xpi-utils	DEBUG	XPI Database saved, setting schema version preference to 19
                        1492950604947	DeferredSave.extensions.json	DEBUG	Starting timer
                        1492950604982	DeferredSave.extensions.json	DEBUG	Starting write
                        1492950604989	addons.repository	DEBUG	No addons.json found.
                        1492950604991	DeferredSave.addons.json	DEBUG	Save changes
                        1492950604996	DeferredSave.addons.json	DEBUG	Starting timer
                        1492950605084	addons.manager	DEBUG	Starting provider: PreviousExperimentProvider
                        1492950605084	addons.manager	DEBUG	Registering shutdown blocker for PreviousExperimentProvider
                        1492950605084	addons.manager	DEBUG	Provider finished startup: PreviousExperimentProvider
                        1492950605090	DeferredSave.addons.json	DEBUG	Starting write
                        1492950605137	DeferredSave.extensions.json	DEBUG	Write succeeded
                        1492950605206	DeferredSave.addons.json	DEBUG	Write succeeded
                        
                        	at org.openqa.selenium.firefox.internal.NewProfileExtensionConnection.start(NewProfileExtensionConnection.java:112)
                        	... 28 more
                     </pre>
                  </div>
               </td>
            </tr>
            <tr id="com.unisys.pom.testcases.LoginTest_quit_byClass_PASS2_row"
                class="testMethodStatusPASS testMethodStatusCONF">
               <td width="100%" class="firstMethodCell">
                  <a onclick="toggleDetailsVisibility('com.unisys.pom.testcases.LoginTest_quit_byClass_PASS2_details')">quit()</a>
               </td>
               <td nowrap="true">18:00:44</td>
               <td nowrap="true" align="right">48 ms
                  
               </td>
               <td nowrap="true">
                   
                  
               </td>
            </tr>
            <tr>
               <td colspan="4" class="detailsBox">
                  <div id="com.unisys.pom.testcases.LoginTest_quit_byClass_PASS2_details"
                       class="testMethodDetails">
                     <div>
                        <b>Name: </b>quit
                     </div>
                     <div>
                        <b>Signature: </b>quit()[pri:0, instance:com.unisys.pom.testcases.LoginTest@45c7e403]
                     </div>
                     <div>
                        <b>Start time: </b>18:00:44
                     </div>
                     <div>
                        <b>End time: </b>18:00:44
                     </div>
                     <div>
                        <b>Duration: </b>48 ms
                        
                     </div>
                  </div>
               </td>
            </tr>
            <tr></tr>
            <tr id="com.unisys.pom.testcases.LoginTest_doLogin_byClass_PASS3_row"
                class="testMethodStatusPASS">
               <td width="100%" class="firstMethodCell">
                  <a onclick="toggleDetailsVisibility('com.unisys.pom.testcases.LoginTest_doLogin_byClass_PASS3_details')">doLogin({Username=9538442585, ExpectedResult=Unsuccessful, Password=test, Runmode=Y, Browser=Chrome})</a>
               </td>
               <td nowrap="true">18:00:44</td>
               <td nowrap="true" align="right">27s
                  
               </td>
               <td nowrap="true">
                   
                  
               </td>
            </tr>
            <tr>
               <td colspan="4" class="detailsBox">
                  <div id="com.unisys.pom.testcases.LoginTest_doLogin_byClass_PASS3_details"
                       class="testMethodDetails">
                     <div>
                        <b>Name: </b>doLogin
                     </div>
                     <div>
                        <b>Signature: </b>doLogin(java.util.Hashtable)[pri:0, instance:com.unisys.pom.testcases.LoginTest@45c7e403]
                     </div>
                     <div>
                        <b>Parameters: </b>
                        
                        {Username=9538442585, ExpectedResult=Unsuccessful, Password=test, Runmode=Y, Browser=Chrome}
                        
                        
                     </div>
                     <div>
                        <b>Start time: </b>18:00:44
                     </div>
                     <div>
                        <b>End time: </b>18:01:11
                     </div>
                     <div>
                        <b>Duration: </b>27s
                        
                     </div>
                  </div>
               </td>
            </tr>
            <tr></tr>
            <tr id="com.unisys.pom.testcases.LoginTest_quit_byClass_PASS4_row"
                class="testMethodStatusPASS testMethodStatusCONF">
               <td width="100%" class="firstMethodCell">
                  <a onclick="toggleDetailsVisibility('com.unisys.pom.testcases.LoginTest_quit_byClass_PASS4_details')">quit()</a>
               </td>
               <td nowrap="true">18:01:11</td>
               <td nowrap="true" align="right">879 ms
                  
               </td>
               <td nowrap="true">
                   
                  
               </td>
            </tr>
            <tr>
               <td colspan="4" class="detailsBox">
                  <div id="com.unisys.pom.testcases.LoginTest_quit_byClass_PASS4_details"
                       class="testMethodDetails">
                     <div>
                        <b>Name: </b>quit
                     </div>
                     <div>
                        <b>Signature: </b>quit()[pri:0, instance:com.unisys.pom.testcases.LoginTest@45c7e403]
                     </div>
                     <div>
                        <b>Start time: </b>18:01:11
                     </div>
                     <div>
                        <b>End time: </b>18:01:12
                     </div>
                     <div>
                        <b>Duration: </b>879 ms
                        
                     </div>
                  </div>
               </td>
            </tr>
            <tr></tr>
         </table>
         <br></br>
      </div>
      <div style="margin-top: 15px; color: gray; text-align: center; font-size: 9px;">
         Generated with
         
         <a href="http://code.google.com/p/testng-xslt/" style="color: #8888aa;"
            target="_blank">
            TestNG XSLT
            
         </a>
      </div>
   </body>
</html>