<html>
<head>
<title>TestNG:  Profile Test</title>
<link href="../testng.css" rel="stylesheet" type="text/css" />
<link href="../my-testng.css" rel="stylesheet" type="text/css" />

<style type="text/css">
.log { display: none;} 
.stack-trace { display: none;} 
</style>
<script type="text/javascript">
<!--
function flip(e) {
  current = e.style.display;
  if (current == 'block') {
    e.style.display = 'none';
    return 0;
  }
  else {
    e.style.display = 'block';
    return 1;
  }
}

function toggleBox(szDivId, elem, msg1, msg2)
{
  var res = -1;  if (document.getElementById) {
    res = flip(document.getElementById(szDivId));
  }
  else if (document.all) {
    // this is the way old msie versions work
    res = flip(document.all[szDivId]);
  }
  if(elem) {
    if(res == 0) elem.innerHTML = msg1; else elem.innerHTML = msg2;
  }

}

function toggleAllBoxes() {
  if (document.getElementsByTagName) {
    d = document.getElementsByTagName('div');
    for (i = 0; i < d.length; i++) {
      if (d[i].className == 'log') {
        flip(d[i]);
      }
    }
  }
}

// -->
</script>

</head>
<body>
<h2 align='center'>Profile Test</h2><table border='1' align="center">
<tr>
<td>Tests passed/Failed/Skipped:</td><td>1/1/0</td>
</tr><tr>
<td>Started on:</td><td>Sun Apr 23 17:59:10 IST 2017</td>
</tr>
<tr><td>Total time:</td><td>121 seconds (121491 ms)</td>
</tr><tr>
<td>Included groups:</td><td></td>
</tr><tr>
<td>Excluded groups:</td><td></td>
</tr>
</table><p/>
<small><i>(Hover the method name to see the test class name)</i></small><p/>
<table width='100%' border='1' class='invocation-failed'>
<tr><td colspan='4' align='center'><b>FAILED TESTS</b></td></tr>
<tr><td><b>Test method</b></td>
<td width="30%"><b>Exception</b></td>
<td width="10%"><b>Time (seconds)</b></td>
<td><b>Instance</b></td>
</tr>
<tr>
<td title='com.unisys.pom.testcases.LoginTest.doLogin()'><b>doLogin</b><br>Test class: com.unisys.pom.testcases.LoginTest<br>Parameters: {Username=9538442585, ExpectedResult=Success, Password=Unisys*1234, Runmode=Y, Browser=Mozilla}</td>
<td><div><pre>org.openqa.selenium.WebDriverException: Failed to connect to binary FirefoxBinary(C:\Program Files (x86)\Mozilla Firefox\firefox.exe) on port 7055; process output follows: 
ates&quot;:1,&quot;skinnable&quot;:true,&quot;size&quot;:19587,&quot;sourceURI&quot;:null,&quot;releaseNotesURI&quot;:null,&quot;softDisabled&quot;:false,&quot;foreignInstall&quot;:false,&quot;hasBinaryComponents&quot;:false,&quot;strictCompatibility&quot;:true,&quot;locales&quot;:[],&quot;targetApplications&quot;:[{&quot;id&quot;:&quot;{ec8030f7-c20a-464f-9b0e-13a3a9e97384}&quot;,&quot;minVersion&quot;:&quot;52.0.2&quot;,&quot;maxVersion&quot;:&quot;52.0.2&quot;}],&quot;targetPlatforms&quot;:[],&quot;seen&quot;:true,&quot;dependencies&quot;:[],&quot;hasEmbeddedWebExtension&quot;:false}
1492950602431	addons.xpi	DEBUG	getModTime: Recursive scan of {972ce4c6-7e08-4474-a285-3208198ce6fd}
1492950602433	DeferredSave.extensions.json	DEBUG	Save changes
1492950602434	addons.xpi	DEBUG	Updating database with changes to installed add-ons
1492950602435	addons.xpi-utils	DEBUG	Updating add-on states
1492950602436	addons.xpi-utils	DEBUG	Writing add-ons list
1492950602442	addons.xpi	DEBUG	Registering manifest for C:\Program Files (x86)\Mozilla Firefox\browser\features\aushelper@mozilla.org.xpi
1492950602443	addons.xpi	DEBUG	Calling bootstrap method startup on aushelper@mozilla.org version 2.0
1492950602444	addons.xpi	DEBUG	Registering manifest for C:\Program Files (x86)\Mozilla Firefox\browser\features\deployment-checker@mozilla.org.xpi
1492950602446	addons.xpi	DEBUG	Calling bootstrap method startup on deployment-checker@mozilla.org version 1.0
1492950602447	addons.xpi	DEBUG	Registering manifest for C:\Program Files (x86)\Mozilla Firefox\browser\features\e10srollout@mozilla.org.xpi
1492950602448	addons.xpi	DEBUG	Calling bootstrap method startup on e10srollout@mozilla.org version 1.9
1492950602449	addons.xpi	DEBUG	Registering manifest for C:\Program Files (x86)\Mozilla Firefox\browser\features\firefox@getpocket.com.xpi
1492950602450	addons.xpi	DEBUG	Calling bootstrap method startup on firefox@getpocket.com version 1.0.5
1492950602451	addons.xpi	DEBUG	Registering manifest for C:\Program Files (x86)\Mozilla Firefox\browser\features\webcompat@mozilla.org.xpi
1492950602452	addons.xpi	DEBUG	Calling bootstrap method startup on webcompat@mozilla.org version 1.0
1492950602455	addons.manager	DEBUG	Registering shutdown blocker for XPIProvider
1492950602455	addons.manager	DEBUG	Provider finished startup: XPIProvider
1492950602455	addons.manager	DEBUG	Starting provider: LightweightThemeManager
1492950602455	addons.manager	DEBUG	Registering shutdown blocker for LightweightThemeManager
1492950602455	addons.manager	DEBUG	Provider finished startup: LightweightThemeManager
1492950602456	addons.manager	DEBUG	Starting provider: GMPProvider
1492950602471	addons.manager	DEBUG	Registering shutdown blocker for GMPProvider
1492950602472	addons.manager	DEBUG	Provider finished startup: GMPProvider
1492950602472	addons.manager	DEBUG	Starting provider: PluginProvider
1492950602472	addons.manager	DEBUG	Registering shutdown blocker for PluginProvider
1492950602472	addons.manager	DEBUG	Provider finished startup: PluginProvider
1492950602473	addons.manager	DEBUG	Completed startup sequence
1492950604521	addons.manager	DEBUG	Starting provider: &lt;unnamed-provider&gt;
1492950604521	addons.manager	DEBUG	Registering shutdown blocker for &lt;unnamed-provider&gt;
1492950604522	addons.manager	DEBUG	Provider finished startup: &lt;unnamed-provider&gt;
1492950604946	DeferredSave.extensions.json	DEBUG	Write succeeded
1492950604946	addons.xpi-utils	DEBUG	XPI Database saved, setting schema version preference to 19
1492950604947	DeferredSave.extensions.json	DEBUG	Starting timer
1492950604982	DeferredSave.extensions.json	DEBUG	Starting write
1492950604989	addons.repository	DEBUG	No addons.json found.
1492950604991	DeferredSave.addons.json	DEBUG	Save changes
1492950604996	DeferredSave.addons.json	DEBUG	Starting timer
1492950605084	addons.manager	DEBUG	Starting provider: PreviousExperimentProvider
1492950605084	addons.manager	DEBUG	Registering shutdown blocker for PreviousExperimentProvider
1492950605084	addons.manager	DEBUG	Provider finished startup: PreviousExperimentProvider
1492950605090	DeferredSave.addons.json	DEBUG	Starting write
1492950605137	DeferredSave.extensions.json	DEBUG	Write succeeded
1492950605206	DeferredSave.addons.json	DEBUG	Write succeeded

Build info: version: &apos;2.52.0&apos;, revision: &apos;4c2593c&apos;, time: &apos;2016-02-11 19:06:42&apos;
System info: host: &apos;IN-HBharish-1&apos;, ip: &apos;172.31.64.1&apos;, os.name: &apos;Windows 10&apos;, os.arch: &apos;amd64&apos;, os.version: &apos;10.0&apos;, java.version: &apos;1.8.0_121&apos;
Driver info: driver.version: FirefoxDriver
	at org.openqa.selenium.firefox.internal.NewProfileExtensionConnection.start(NewProfileExtensionConnection.java:124)
	at org.openqa.selenium.firefox.FirefoxDriver.startClient(FirefoxDriver.java:271)
	at org.openqa.selenium.remote.RemoteWebDriver.&lt;init&gt;(RemoteWebDriver.java:119)
	at org.openqa.selenium.firefox.FirefoxDriver.&lt;init&gt;(FirefoxDriver.java:218)
	at org.openqa.selenium.firefox.FirefoxDriver.&lt;init&gt;(FirefoxDriver.java:211)
	at org.openqa.selenium.firefox.FirefoxDriver.&lt;init&gt;(FirefoxDriver.java:207)
	at org.openqa.selenium.firefox.FirefoxDriver.&lt;init&gt;(FirefoxDriver.java:120)
	at com.unisys.pom.testcases.base.BaseTest.init(BaseTest.java:48)
	at com.unisys.pom.testcases.LoginTest.doLogin(LoginTest.java:32)
	at java.util.concurrent.FutureTask.run(Unknown Source)
	at java.util.concurrent.ThreadPoolExecutor.runWorker(Unknown Source)
	at java.util.concurrent.ThreadPoolExecutor$Worker.run(Unknown Source)
	at java.lang.Thread.run(Unknown Source)
Caused by: org.openqa.selenium.firefox.NotConnectedException: Unable to connect to host 127.0.0.1 on port 7055 after 45000 ms. Firefox console output:
ates&quot;:1,&quot;skinnable&quot;:true,&quot;size&quot;:19587,&quot;sourceURI&quot;:null,&quot;releaseNotesURI&quot;:null,&quot;softDisabled&quot;:false,&quot;foreignInstall&quot;:false,&quot;hasBinaryComponents&quot;:false,&quot;strictCompatibility&quot;:true,&quot;locales&quot;:[],&quot;targetApplications&quot;:[{&quot;id&quot;:&quot;{ec8030f7-c20a-464f-9b0e-13a3a9e97384}&quot;,&quot;minVersion&quot;:&quot;52.0.2&quot;,&quot;maxVersion&quot;:&quot;52.0.2&quot;}],&quot;targetPlatforms&quot;:[],&quot;seen&quot;:true,&quot;dependencies&quot;:[],&quot;hasEmbeddedWebExtension&quot;:false}
1492950602431	addons.xpi	DEBUG	getModTime: Recursive scan of {972ce4c6-7e08-4474-a285-3208198ce6fd}
1492950602433	DeferredSave.extensions.json	DEBUG	Save changes
1492950602434	addons.xpi	DEBUG	Updating database with changes to installed add-ons
1492950602435	addons.xpi-utils	DEBUG	Updating add-on states
1492950602436	addons.xpi-utils	DEBUG	Writing add-ons list
1492950602442	addons.xpi	DEBUG	Registering manifest for C:\Program Files (x86)\Mozilla Firefox\browser\features\aushelper@mozilla.org.xpi
1492950602443	addons.xpi	DEBUG	Calling bootstrap method startup on aushelper@mozilla.org version 2.0
1492950602444	addons.xpi	DEBUG	Registering manifest for C:\Program Files (x86)\Mozilla Firefox\browser\features\deployment-checker@mozilla.org.xpi
1492950602446	addons.xpi	DEBUG	Calling bootstrap method startup on deployment-checker@mozilla.org version 1.0
1492950602447	addons.xpi	DEBUG	Registering manifest for C:\Program Files (x86)\Mozilla Firefox\browser\features\e10srollout@mozilla.org.xpi
1492950602448	addons.xpi	DEBUG	Calling bootstrap method startup on e10srollout@mozilla.org version 1.9
1492950602449	addons.xpi	DEBUG	Registering manifest for C:\Program Files (x86)\Mozilla Firefox\browser\features\firefox@getpocket.com.xpi
1492950602450	addons.xpi	DEBUG	Calling bootstrap method startup on firefox@getpocket.com version 1.0.5
1492950602451	addons.xpi	DEBUG	Registering manifest for C:\Program Files (x86)\Mozilla Firefox\browser\features\webcompat@mozilla.org.xpi
1492950602452	addons.xpi	DEBUG	Calling bootstrap method startup on webcompat@mozilla.org version 1.0
1492950602455	addons.manager	DEBUG	Registering shutdown blocker for XPIProvider
1492950602455	addons.manager	DEBUG	Provider finished startup: XPIProvider
1492950602455	addons.manager	DEBUG	Starting provider: LightweightThemeManager
1492950602455	addons.manager	DEBUG	Registering shutdown blocker for LightweightThemeManager
1492950602455	addons.manager	DEBUG	Provider finished startup: LightweightThemeManager
1492950602456	addons.manager	DEBUG	Starting provider: GMPProvider
1492950602471	addons.manager	DEBUG	Registering shutdown blocker for GMPProvider
1492950602472	addons.manager	DEBUG	Provider finished startup: GMPProvider
1492950602472	addons.manager	DEBUG	Starting provider: PluginProvider
1492950602472	addons.manager	DEBUG	Registering shutdown blocker for PluginProvider
1492950602472	addons.manager	DEBUG	Provider finished startup: PluginProvider
1492950602473	addons.manager	DEBUG	Completed startup sequence
1492950604521	addons.manager	DEBUG	Starting provider: &lt;unnamed-provider&gt;
1492950604521	addons.manager	DEBUG	Registering shutdown blocker for &lt;unnamed-provider&gt;
1492950604522	addons.manager	DEBUG	Provider finished startup: &lt;unnamed-provider&gt;
1492950604946	DeferredSave.extensions.json	DEBUG	Write succeeded
1492950604946	addons.xpi-utils	DEBUG	XPI Database saved, setting schema version preference to 19
1492950604947	DeferredSave.extensions.json	DEBUG	Starting timer
1492950604982	DeferredSave.extensions.json	DEBUG	Starting write
1492950604989	addons.repository	DEBUG	No addons.json found.
1492950604991	DeferredSave.addons.json	DEBUG	Save changes
1492950604996	DeferredSave.addons.json	DEBUG	Starting timer
1492950605084	addons.manager	DEBUG	Starting provider: PreviousExperimentProvider
1492950605084	addons.manager	DEBUG	Registering shutdown blocker for PreviousExperimentProvider
1492950605084	addons.manager	DEBUG	Provider finished startup: PreviousExperimentProvider
1492950605090	DeferredSave.addons.json	DEBUG	Starting write
1492950605137	DeferredSave.extensions.json	DEBUG	Write succeeded
1492950605206	DeferredSave.addons.json	DEBUG	Write succeeded

	at org.openqa.selenium.firefox.internal.NewProfileExtensionConnection.start(NewProfileExtensionConnection.java:112)
	... 28 more
... Removed 16 stack frames</pre></div><a href='#' onClick='toggleBox("stack-trace1913988244", this, "Click to show all stack frames", "Click to hide stack frames")'>Click to show all stack frames</a>
<div class='stack-trace' id='stack-trace1913988244'><pre>org.openqa.selenium.WebDriverException: Failed to connect to binary FirefoxBinary(C:\Program Files (x86)\Mozilla Firefox\firefox.exe) on port 7055; process output follows: 
ates&quot;:1,&quot;skinnable&quot;:true,&quot;size&quot;:19587,&quot;sourceURI&quot;:null,&quot;releaseNotesURI&quot;:null,&quot;softDisabled&quot;:false,&quot;foreignInstall&quot;:false,&quot;hasBinaryComponents&quot;:false,&quot;strictCompatibility&quot;:true,&quot;locales&quot;:[],&quot;targetApplications&quot;:[{&quot;id&quot;:&quot;{ec8030f7-c20a-464f-9b0e-13a3a9e97384}&quot;,&quot;minVersion&quot;:&quot;52.0.2&quot;,&quot;maxVersion&quot;:&quot;52.0.2&quot;}],&quot;targetPlatforms&quot;:[],&quot;seen&quot;:true,&quot;dependencies&quot;:[],&quot;hasEmbeddedWebExtension&quot;:false}
1492950602431	addons.xpi	DEBUG	getModTime: Recursive scan of {972ce4c6-7e08-4474-a285-3208198ce6fd}
1492950602433	DeferredSave.extensions.json	DEBUG	Save changes
1492950602434	addons.xpi	DEBUG	Updating database with changes to installed add-ons
1492950602435	addons.xpi-utils	DEBUG	Updating add-on states
1492950602436	addons.xpi-utils	DEBUG	Writing add-ons list
1492950602442	addons.xpi	DEBUG	Registering manifest for C:\Program Files (x86)\Mozilla Firefox\browser\features\aushelper@mozilla.org.xpi
1492950602443	addons.xpi	DEBUG	Calling bootstrap method startup on aushelper@mozilla.org version 2.0
1492950602444	addons.xpi	DEBUG	Registering manifest for C:\Program Files (x86)\Mozilla Firefox\browser\features\deployment-checker@mozilla.org.xpi
1492950602446	addons.xpi	DEBUG	Calling bootstrap method startup on deployment-checker@mozilla.org version 1.0
1492950602447	addons.xpi	DEBUG	Registering manifest for C:\Program Files (x86)\Mozilla Firefox\browser\features\e10srollout@mozilla.org.xpi
1492950602448	addons.xpi	DEBUG	Calling bootstrap method startup on e10srollout@mozilla.org version 1.9
1492950602449	addons.xpi	DEBUG	Registering manifest for C:\Program Files (x86)\Mozilla Firefox\browser\features\firefox@getpocket.com.xpi
1492950602450	addons.xpi	DEBUG	Calling bootstrap method startup on firefox@getpocket.com version 1.0.5
1492950602451	addons.xpi	DEBUG	Registering manifest for C:\Program Files (x86)\Mozilla Firefox\browser\features\webcompat@mozilla.org.xpi
1492950602452	addons.xpi	DEBUG	Calling bootstrap method startup on webcompat@mozilla.org version 1.0
1492950602455	addons.manager	DEBUG	Registering shutdown blocker for XPIProvider
1492950602455	addons.manager	DEBUG	Provider finished startup: XPIProvider
1492950602455	addons.manager	DEBUG	Starting provider: LightweightThemeManager
1492950602455	addons.manager	DEBUG	Registering shutdown blocker for LightweightThemeManager
1492950602455	addons.manager	DEBUG	Provider finished startup: LightweightThemeManager
1492950602456	addons.manager	DEBUG	Starting provider: GMPProvider
1492950602471	addons.manager	DEBUG	Registering shutdown blocker for GMPProvider
1492950602472	addons.manager	DEBUG	Provider finished startup: GMPProvider
1492950602472	addons.manager	DEBUG	Starting provider: PluginProvider
1492950602472	addons.manager	DEBUG	Registering shutdown blocker for PluginProvider
1492950602472	addons.manager	DEBUG	Provider finished startup: PluginProvider
1492950602473	addons.manager	DEBUG	Completed startup sequence
1492950604521	addons.manager	DEBUG	Starting provider: &lt;unnamed-provider&gt;
1492950604521	addons.manager	DEBUG	Registering shutdown blocker for &lt;unnamed-provider&gt;
1492950604522	addons.manager	DEBUG	Provider finished startup: &lt;unnamed-provider&gt;
1492950604946	DeferredSave.extensions.json	DEBUG	Write succeeded
1492950604946	addons.xpi-utils	DEBUG	XPI Database saved, setting schema version preference to 19
1492950604947	DeferredSave.extensions.json	DEBUG	Starting timer
1492950604982	DeferredSave.extensions.json	DEBUG	Starting write
1492950604989	addons.repository	DEBUG	No addons.json found.
1492950604991	DeferredSave.addons.json	DEBUG	Save changes
1492950604996	DeferredSave.addons.json	DEBUG	Starting timer
1492950605084	addons.manager	DEBUG	Starting provider: PreviousExperimentProvider
1492950605084	addons.manager	DEBUG	Registering shutdown blocker for PreviousExperimentProvider
1492950605084	addons.manager	DEBUG	Provider finished startup: PreviousExperimentProvider
1492950605090	DeferredSave.addons.json	DEBUG	Starting write
1492950605137	DeferredSave.extensions.json	DEBUG	Write succeeded
1492950605206	DeferredSave.addons.json	DEBUG	Write succeeded

Build info: version: &apos;2.52.0&apos;, revision: &apos;4c2593c&apos;, time: &apos;2016-02-11 19:06:42&apos;
System info: host: &apos;IN-HBharish-1&apos;, ip: &apos;172.31.64.1&apos;, os.name: &apos;Windows 10&apos;, os.arch: &apos;amd64&apos;, os.version: &apos;10.0&apos;, java.version: &apos;1.8.0_121&apos;
Driver info: driver.version: FirefoxDriver
	at org.openqa.selenium.firefox.internal.NewProfileExtensionConnection.start(NewProfileExtensionConnection.java:124)
	at org.openqa.selenium.firefox.FirefoxDriver.startClient(FirefoxDriver.java:271)
	at org.openqa.selenium.remote.RemoteWebDriver.&lt;init&gt;(RemoteWebDriver.java:119)
	at org.openqa.selenium.firefox.FirefoxDriver.&lt;init&gt;(FirefoxDriver.java:218)
	at org.openqa.selenium.firefox.FirefoxDriver.&lt;init&gt;(FirefoxDriver.java:211)
	at org.openqa.selenium.firefox.FirefoxDriver.&lt;init&gt;(FirefoxDriver.java:207)
	at org.openqa.selenium.firefox.FirefoxDriver.&lt;init&gt;(FirefoxDriver.java:120)
	at com.unisys.pom.testcases.base.BaseTest.init(BaseTest.java:48)
	at com.unisys.pom.testcases.LoginTest.doLogin(LoginTest.java:32)
	at sun.reflect.NativeMethodAccessorImpl.invoke0(Native Method)
	at sun.reflect.NativeMethodAccessorImpl.invoke(Unknown Source)
	at sun.reflect.DelegatingMethodAccessorImpl.invoke(Unknown Source)
	at java.lang.reflect.Method.invoke(Unknown Source)
	at org.testng.internal.MethodInvocationHelper.invokeMethod(MethodInvocationHelper.java:85)
	at org.testng.internal.Invoker.invokeMethod(Invoker.java:639)
	at org.testng.internal.Invoker.invokeTestMethod(Invoker.java:816)
	at org.testng.internal.Invoker.invokeTestMethods(Invoker.java:1124)
	at org.testng.internal.TestMethodWorker.invokeTestMethods(TestMethodWorker.java:125)
	at org.testng.internal.TestMethodWorker.run(TestMethodWorker.java:108)
	at org.testng.TestRunner.privateRun(TestRunner.java:774)
	at org.testng.TestRunner.run(TestRunner.java:624)
	at org.testng.SuiteRunner.runTest(SuiteRunner.java:359)
	at org.testng.SuiteRunner.access$000(SuiteRunner.java:39)
	at org.testng.SuiteRunner$SuiteWorker.run(SuiteRunner.java:393)
	at org.testng.internal.thread.ThreadUtil$2.call(ThreadUtil.java:64)
	at java.util.concurrent.FutureTask.run(Unknown Source)
	at java.util.concurrent.ThreadPoolExecutor.runWorker(Unknown Source)
	at java.util.concurrent.ThreadPoolExecutor$Worker.run(Unknown Source)
	at java.lang.Thread.run(Unknown Source)
Caused by: org.openqa.selenium.firefox.NotConnectedException: Unable to connect to host 127.0.0.1 on port 7055 after 45000 ms. Firefox console output:
ates&quot;:1,&quot;skinnable&quot;:true,&quot;size&quot;:19587,&quot;sourceURI&quot;:null,&quot;releaseNotesURI&quot;:null,&quot;softDisabled&quot;:false,&quot;foreignInstall&quot;:false,&quot;hasBinaryComponents&quot;:false,&quot;strictCompatibility&quot;:true,&quot;locales&quot;:[],&quot;targetApplications&quot;:[{&quot;id&quot;:&quot;{ec8030f7-c20a-464f-9b0e-13a3a9e97384}&quot;,&quot;minVersion&quot;:&quot;52.0.2&quot;,&quot;maxVersion&quot;:&quot;52.0.2&quot;}],&quot;targetPlatforms&quot;:[],&quot;seen&quot;:true,&quot;dependencies&quot;:[],&quot;hasEmbeddedWebExtension&quot;:false}
1492950602431	addons.xpi	DEBUG	getModTime: Recursive scan of {972ce4c6-7e08-4474-a285-3208198ce6fd}
1492950602433	DeferredSave.extensions.json	DEBUG	Save changes
1492950602434	addons.xpi	DEBUG	Updating database with changes to installed add-ons
1492950602435	addons.xpi-utils	DEBUG	Updating add-on states
1492950602436	addons.xpi-utils	DEBUG	Writing add-ons list
1492950602442	addons.xpi	DEBUG	Registering manifest for C:\Program Files (x86)\Mozilla Firefox\browser\features\aushelper@mozilla.org.xpi
1492950602443	addons.xpi	DEBUG	Calling bootstrap method startup on aushelper@mozilla.org version 2.0
1492950602444	addons.xpi	DEBUG	Registering manifest for C:\Program Files (x86)\Mozilla Firefox\browser\features\deployment-checker@mozilla.org.xpi
1492950602446	addons.xpi	DEBUG	Calling bootstrap method startup on deployment-checker@mozilla.org version 1.0
1492950602447	addons.xpi	DEBUG	Registering manifest for C:\Program Files (x86)\Mozilla Firefox\browser\features\e10srollout@mozilla.org.xpi
1492950602448	addons.xpi	DEBUG	Calling bootstrap method startup on e10srollout@mozilla.org version 1.9
1492950602449	addons.xpi	DEBUG	Registering manifest for C:\Program Files (x86)\Mozilla Firefox\browser\features\firefox@getpocket.com.xpi
1492950602450	addons.xpi	DEBUG	Calling bootstrap method startup on firefox@getpocket.com version 1.0.5
1492950602451	addons.xpi	DEBUG	Registering manifest for C:\Program Files (x86)\Mozilla Firefox\browser\features\webcompat@mozilla.org.xpi
1492950602452	addons.xpi	DEBUG	Calling bootstrap method startup on webcompat@mozilla.org version 1.0
1492950602455	addons.manager	DEBUG	Registering shutdown blocker for XPIProvider
1492950602455	addons.manager	DEBUG	Provider finished startup: XPIProvider
1492950602455	addons.manager	DEBUG	Starting provider: LightweightThemeManager
1492950602455	addons.manager	DEBUG	Registering shutdown blocker for LightweightThemeManager
1492950602455	addons.manager	DEBUG	Provider finished startup: LightweightThemeManager
1492950602456	addons.manager	DEBUG	Starting provider: GMPProvider
1492950602471	addons.manager	DEBUG	Registering shutdown blocker for GMPProvider
1492950602472	addons.manager	DEBUG	Provider finished startup: GMPProvider
1492950602472	addons.manager	DEBUG	Starting provider: PluginProvider
1492950602472	addons.manager	DEBUG	Registering shutdown blocker for PluginProvider
1492950602472	addons.manager	DEBUG	Provider finished startup: PluginProvider
1492950602473	addons.manager	DEBUG	Completed startup sequence
1492950604521	addons.manager	DEBUG	Starting provider: &lt;unnamed-provider&gt;
1492950604521	addons.manager	DEBUG	Registering shutdown blocker for &lt;unnamed-provider&gt;
1492950604522	addons.manager	DEBUG	Provider finished startup: &lt;unnamed-provider&gt;
1492950604946	DeferredSave.extensions.json	DEBUG	Write succeeded
1492950604946	addons.xpi-utils	DEBUG	XPI Database saved, setting schema version preference to 19
1492950604947	DeferredSave.extensions.json	DEBUG	Starting timer
1492950604982	DeferredSave.extensions.json	DEBUG	Starting write
1492950604989	addons.repository	DEBUG	No addons.json found.
1492950604991	DeferredSave.addons.json	DEBUG	Save changes
1492950604996	DeferredSave.addons.json	DEBUG	Starting timer
1492950605084	addons.manager	DEBUG	Starting provider: PreviousExperimentProvider
1492950605084	addons.manager	DEBUG	Registering shutdown blocker for PreviousExperimentProvider
1492950605084	addons.manager	DEBUG	Provider finished startup: PreviousExperimentProvider
1492950605090	DeferredSave.addons.json	DEBUG	Starting write
1492950605137	DeferredSave.extensions.json	DEBUG	Write succeeded
1492950605206	DeferredSave.addons.json	DEBUG	Write succeeded

	at org.openqa.selenium.firefox.internal.NewProfileExtensionConnection.start(NewProfileExtensionConnection.java:112)
	... 28 more
</pre></div></td>
<td>93</td>
<td>com.unisys.pom.testcases.LoginTest@45c7e403</td></tr>
</table><p>
<table width='100%' border='1' class='invocation-passed'>
<tr><td colspan='4' align='center'><b>PASSED TESTS</b></td></tr>
<tr><td><b>Test method</b></td>
<td width="30%"><b>Exception</b></td>
<td width="10%"><b>Time (seconds)</b></td>
<td><b>Instance</b></td>
</tr>
<tr>
<td title='com.unisys.pom.testcases.LoginTest.doLogin()'><b>doLogin</b><br>Test class: com.unisys.pom.testcases.LoginTest<br>Parameters: {Username=9538442585, ExpectedResult=Unsuccessful, Password=test, Runmode=Y, Browser=Chrome}</td>
<td></td>
<td>27</td>
<td>com.unisys.pom.testcases.LoginTest@45c7e403</td></tr>
</table><p>
</body>
</html>